@!@!@STARTMSG 2262:0 @!@!@
TLC2 Version 2.18 of Day Month 20?? (rev: e042eaf)
@!@!@ENDMSG 2262 @!@!@
@!@!@STARTMSG 2187:0 @!@!@
Running breadth-first search Model-Checking with fp 45 and seed -1763782724037487807 with 4 workers on 8 cores with 608MB heap and 1365MB offheap memory [pid: 49402] (Mac OS X 10.16 x86_64, AdoptOpenJDK 14.0.1 x86_64, OffHeapDiskFPSet, DiskStateQueue).
@!@!@ENDMSG 2187 @!@!@
@!@!@STARTMSG 2220:0 @!@!@
Starting SANY...
@!@!@ENDMSG 2220 @!@!@
Parsing file /Users/davidedomini/Documents/Ass01.toolbox/Model_1/MC.tla
Parsing file /Users/davidedomini/Documents/Ass01.toolbox/Model_1/Ass01.tla
Parsing file /Users/davidedomini/Desktop/Università/PCD/TLA+ Toolbox.app/Contents/Eclipse/plugins/org.lamport.tlatools_1.0.0.202203260600/tla2sany/StandardModules/TLC.tla (file:/Users/davidedomini/Desktop/Università/PCD/TLA+%20Toolbox.app/Contents/Eclipse/plugins/org.lamport.tlatools_1.0.0.202203260600/tla2sany/StandardModules/TLC.tla)
Parsing file /Users/davidedomini/Desktop/Università/PCD/TLA+ Toolbox.app/Contents/Eclipse/plugins/org.lamport.tlatools_1.0.0.202203260600/tla2sany/StandardModules/Integers.tla (file:/Users/davidedomini/Desktop/Università/PCD/TLA+%20Toolbox.app/Contents/Eclipse/plugins/org.lamport.tlatools_1.0.0.202203260600/tla2sany/StandardModules/Integers.tla)
Parsing file /Users/davidedomini/Desktop/Università/PCD/TLA+ Toolbox.app/Contents/Eclipse/plugins/org.lamport.tlatools_1.0.0.202203260600/tla2sany/StandardModules/Sequences.tla (file:/Users/davidedomini/Desktop/Università/PCD/TLA+%20Toolbox.app/Contents/Eclipse/plugins/org.lamport.tlatools_1.0.0.202203260600/tla2sany/StandardModules/Sequences.tla)
Parsing file /Users/davidedomini/Desktop/Università/PCD/TLA+ Toolbox.app/Contents/Eclipse/plugins/org.lamport.tlatools_1.0.0.202203260600/tla2sany/StandardModules/Naturals.tla (file:/Users/davidedomini/Desktop/Università/PCD/TLA+%20Toolbox.app/Contents/Eclipse/plugins/org.lamport.tlatools_1.0.0.202203260600/tla2sany/StandardModules/Naturals.tla)
Parsing file /Users/davidedomini/Desktop/Università/PCD/TLA+ Toolbox.app/Contents/Eclipse/plugins/org.lamport.tlatools_1.0.0.202203260600/tla2sany/StandardModules/FiniteSets.tla (file:/Users/davidedomini/Desktop/Università/PCD/TLA+%20Toolbox.app/Contents/Eclipse/plugins/org.lamport.tlatools_1.0.0.202203260600/tla2sany/StandardModules/FiniteSets.tla)
Semantic processing of module Naturals
Semantic processing of module Integers
Semantic processing of module Sequences
Semantic processing of module Ass01
Semantic processing of module FiniteSets
Semantic processing of module TLC
Semantic processing of module MC
@!@!@STARTMSG 2219:0 @!@!@
SANY finished.
@!@!@ENDMSG 2219 @!@!@
@!@!@STARTMSG 2185:0 @!@!@
Starting... (2022-03-30 10:06:56)
@!@!@ENDMSG 2185 @!@!@
@!@!@STARTMSG 2189:0 @!@!@
Computing initial states...
@!@!@ENDMSG 2189 @!@!@
@!@!@STARTMSG 2190:0 @!@!@
Finished computing initial states: 1 distinct state generated at 2022-03-30 10:06:57.
@!@!@ENDMSG 2190 @!@!@
@!@!@STARTMSG 2114:1 @!@!@
Deadlock reached.
@!@!@ENDMSG 2114 @!@!@
@!@!@STARTMSG 2121:1 @!@!@
The behavior up to this point is:
@!@!@ENDMSG 2121 @!@!@
@!@!@STARTMSG 2217:4 @!@!@
1: <Initial predicate>
/\ maxIter = 10
/\ processReady = 0
/\ nWorkers = 2
/\ bodies = << [pos |-> 0, vel |-> 1],
   [pos |-> 0, vel |-> 1],
   [pos |-> 0, vel |-> 1],
   [pos |-> 0, vel |-> 1] >>
/\ pc = [ master |-> "MainLoopMaster",
  worker1 |-> "MainLoopW1",
  worker2 |-> "MainLoopW2" ]
/\ allReady = FALSE
/\ updatedVelocity = 0
/\ allPositionsUpdated = FALSE
/\ body = [pos |-> 0, vel |-> 1]
/\ allVelocitiesUpdated = FALSE
/\ iter = 0
/\ updatedPosition = 0

@!@!@ENDMSG 2217 @!@!@
@!@!@STARTMSG 2217:4 @!@!@
2: <MainLoopMaster line 171, col 19 to line 178, col 59 of module Ass01>
/\ maxIter = 10
/\ processReady = 0
/\ nWorkers = 2
/\ bodies = << [pos |-> 0, vel |-> 1],
   [pos |-> 0, vel |-> 1],
   [pos |-> 0, vel |-> 1],
   [pos |-> 0, vel |-> 1] >>
/\ pc = [ master |-> "IncReadyToStart",
  worker1 |-> "MainLoopW1",
  worker2 |-> "MainLoopW2" ]
/\ allReady = FALSE
/\ updatedVelocity = 0
/\ allPositionsUpdated = FALSE
/\ body = [pos |-> 0, vel |-> 1]
/\ allVelocitiesUpdated = FALSE
/\ iter = 0
/\ updatedPosition = 0

@!@!@ENDMSG 2217 @!@!@
@!@!@STARTMSG 2217:4 @!@!@
3: <IncReadyToStart line 180, col 20 to line 185, col 81 of module Ass01>
/\ maxIter = 10
/\ processReady = 1
/\ nWorkers = 2
/\ bodies = << [pos |-> 0, vel |-> 1],
   [pos |-> 0, vel |-> 1],
   [pos |-> 0, vel |-> 1],
   [pos |-> 0, vel |-> 1] >>
/\ pc = [master |-> "ReadyToStart", worker1 |-> "MainLoopW1", worker2 |-> "MainLoopW2"]
/\ allReady = FALSE
/\ updatedVelocity = 0
/\ allPositionsUpdated = FALSE
/\ body = [pos |-> 0, vel |-> 1]
/\ allVelocitiesUpdated = FALSE
/\ iter = 0
/\ updatedPosition = 0

@!@!@ENDMSG 2217 @!@!@
@!@!@STARTMSG 2217:4 @!@!@
4: <MainLoopW1 line 251, col 15 to line 258, col 45 of module Ass01>
/\ maxIter = 10
/\ processReady = 1
/\ nWorkers = 2
/\ bodies = << [pos |-> 0, vel |-> 1],
   [pos |-> 0, vel |-> 1],
   [pos |-> 0, vel |-> 1],
   [pos |-> 0, vel |-> 1] >>
/\ pc = [ master |-> "ReadyToStart",
  worker1 |-> "IncReadyToStartW1",
  worker2 |-> "MainLoopW2" ]
/\ allReady = FALSE
/\ updatedVelocity = 0
/\ allPositionsUpdated = FALSE
/\ body = [pos |-> 0, vel |-> 1]
/\ allVelocitiesUpdated = FALSE
/\ iter = 0
/\ updatedPosition = 0

@!@!@ENDMSG 2217 @!@!@
@!@!@STARTMSG 2217:4 @!@!@
5: <IncReadyToStartW1 line 260, col 22 to line 266, col 46 of module Ass01>
/\ maxIter = 10
/\ processReady = 2
/\ nWorkers = 2
/\ bodies = << [pos |-> 0, vel |-> 1],
   [pos |-> 0, vel |-> 1],
   [pos |-> 0, vel |-> 1],
   [pos |-> 0, vel |-> 1] >>
/\ pc = [ master |-> "ReadyToStart",
  worker1 |-> "ReadyToStartW1",
  worker2 |-> "MainLoopW2" ]
/\ allReady = FALSE
/\ updatedVelocity = 0
/\ allPositionsUpdated = FALSE
/\ body = [pos |-> 0, vel |-> 1]
/\ allVelocitiesUpdated = FALSE
/\ iter = 0
/\ updatedPosition = 0

@!@!@ENDMSG 2217 @!@!@
@!@!@STARTMSG 2217:4 @!@!@
6: <MainLoopW2 line 348, col 15 to line 355, col 45 of module Ass01>
/\ maxIter = 10
/\ processReady = 2
/\ nWorkers = 2
/\ bodies = << [pos |-> 0, vel |-> 1],
   [pos |-> 0, vel |-> 1],
   [pos |-> 0, vel |-> 1],
   [pos |-> 0, vel |-> 1] >>
/\ pc = [ master |-> "ReadyToStart",
  worker1 |-> "ReadyToStartW1",
  worker2 |-> "IncReadyToStartW2" ]
/\ allReady = FALSE
/\ updatedVelocity = 0
/\ allPositionsUpdated = FALSE
/\ body = [pos |-> 0, vel |-> 1]
/\ allVelocitiesUpdated = FALSE
/\ iter = 0
/\ updatedPosition = 0

@!@!@ENDMSG 2217 @!@!@
@!@!@STARTMSG 2217:4 @!@!@
7: <IncReadyToStartW2 line 357, col 22 to line 363, col 46 of module Ass01>
/\ maxIter = 10
/\ processReady = 3
/\ nWorkers = 2
/\ bodies = << [pos |-> 0, vel |-> 1],
   [pos |-> 0, vel |-> 1],
   [pos |-> 0, vel |-> 1],
   [pos |-> 0, vel |-> 1] >>
/\ pc = [ master |-> "ReadyToStart",
  worker1 |-> "ReadyToStartW1",
  worker2 |-> "ReadyToStartW2" ]
/\ allReady = FALSE
/\ updatedVelocity = 0
/\ allPositionsUpdated = FALSE
/\ body = [pos |-> 0, vel |-> 1]
/\ allVelocitiesUpdated = FALSE
/\ iter = 0
/\ updatedPosition = 0

@!@!@ENDMSG 2217 @!@!@
@!@!@STARTMSG 2217:4 @!@!@
8: <ReadyToStart line 187, col 17 to line 198, col 79 of module Ass01>
/\ maxIter = 10
/\ processReady = 3
/\ nWorkers = 2
/\ bodies = << [pos |-> 0, vel |-> 1],
   [pos |-> 0, vel |-> 1],
   [pos |-> 0, vel |-> 1],
   [pos |-> 0, vel |-> 1] >>
/\ pc = [ master |-> "IncUpdatedVelocity",
  worker1 |-> "ReadyToStartW1",
  worker2 |-> "ReadyToStartW2" ]
/\ allReady = TRUE
/\ updatedVelocity = 0
/\ allPositionsUpdated = FALSE
/\ body = [pos |-> 0, vel |-> 1]
/\ allVelocitiesUpdated = FALSE
/\ iter = 0
/\ updatedPosition = 0

@!@!@ENDMSG 2217 @!@!@
@!@!@STARTMSG 2217:4 @!@!@
9: <IncUpdatedVelocity line 200, col 23 to line 206, col 47 of module Ass01>
/\ maxIter = 10
/\ processReady = 3
/\ nWorkers = 2
/\ bodies = << [pos |-> 0, vel |-> 1],
   [pos |-> 0, vel |-> 1],
   [pos |-> 0, vel |-> 1],
   [pos |-> 0, vel |-> 1] >>
/\ pc = [ master |-> "UpdatedVel",
  worker1 |-> "ReadyToStartW1",
  worker2 |-> "ReadyToStartW2" ]
/\ allReady = TRUE
/\ updatedVelocity = 1
/\ allPositionsUpdated = FALSE
/\ body = [pos |-> 0, vel |-> 1]
/\ allVelocitiesUpdated = FALSE
/\ iter = 0
/\ updatedPosition = 0

@!@!@ENDMSG 2217 @!@!@
@!@!@STARTMSG 2217:4 @!@!@
10: <ReadyToStartW2 line 365, col 19 to line 373, col 80 of module Ass01>
/\ maxIter = 10
/\ processReady = 3
/\ nWorkers = 2
/\ bodies = << [pos |-> 0, vel |-> 1],
   [pos |-> 0, vel |-> 1],
   [pos |-> 0, vel |-> 1],
   [pos |-> 0, vel |-> 1] >>
/\ pc = [master |-> "UpdatedVel", worker1 |-> "ReadyToStartW1", worker2 |-> "UpdVelB3"]
/\ allReady = TRUE
/\ updatedVelocity = 1
/\ allPositionsUpdated = FALSE
/\ body = [pos |-> 0, vel |-> 1]
/\ allVelocitiesUpdated = FALSE
/\ iter = 0
/\ updatedPosition = 0

@!@!@ENDMSG 2217 @!@!@
@!@!@STARTMSG 2217:4 @!@!@
11: <ReadyToStartW1 line 268, col 19 to line 276, col 80 of module Ass01>
/\ maxIter = 10
/\ processReady = 3
/\ nWorkers = 2
/\ bodies = << [pos |-> 0, vel |-> 1],
   [pos |-> 0, vel |-> 1],
   [pos |-> 0, vel |-> 1],
   [pos |-> 0, vel |-> 1] >>
/\ pc = [master |-> "UpdatedVel", worker1 |-> "UpdVelB1", worker2 |-> "UpdVelB3"]
/\ allReady = TRUE
/\ updatedVelocity = 1
/\ allPositionsUpdated = FALSE
/\ body = [pos |-> 0, vel |-> 1]
/\ allVelocitiesUpdated = FALSE
/\ iter = 0
/\ updatedPosition = 0

@!@!@ENDMSG 2217 @!@!@
@!@!@STARTMSG 2217:4 @!@!@
12: <UpdVelB1 line 278, col 13 to line 284, col 35 of module Ass01>
/\ maxIter = 10
/\ processReady = 3
/\ nWorkers = 2
/\ bodies = << [pos |-> 0, vel |-> 2],
   [pos |-> 0, vel |-> 1],
   [pos |-> 0, vel |-> 1],
   [pos |-> 0, vel |-> 1] >>
/\ pc = [master |-> "UpdatedVel", worker1 |-> "UpdVelB2", worker2 |-> "UpdVelB3"]
/\ allReady = TRUE
/\ updatedVelocity = 1
/\ allPositionsUpdated = FALSE
/\ body = [pos |-> 0, vel |-> 1]
/\ allVelocitiesUpdated = FALSE
/\ iter = 0
/\ updatedPosition = 0

@!@!@ENDMSG 2217 @!@!@
@!@!@STARTMSG 2217:4 @!@!@
13: <UpdVelB3 line 375, col 13 to line 381, col 35 of module Ass01>
/\ maxIter = 10
/\ processReady = 3
/\ nWorkers = 2
/\ bodies = << [pos |-> 0, vel |-> 2],
   [pos |-> 0, vel |-> 1],
   [pos |-> 0, vel |-> 2],
   [pos |-> 0, vel |-> 1] >>
/\ pc = [master |-> "UpdatedVel", worker1 |-> "UpdVelB2", worker2 |-> "UpdVelB4"]
/\ allReady = TRUE
/\ updatedVelocity = 1
/\ allPositionsUpdated = FALSE
/\ body = [pos |-> 0, vel |-> 1]
/\ allVelocitiesUpdated = FALSE
/\ iter = 0
/\ updatedPosition = 0

@!@!@ENDMSG 2217 @!@!@
@!@!@STARTMSG 2217:4 @!@!@
14: <UpdVelB4 line 383, col 13 to line 389, col 35 of module Ass01>
/\ maxIter = 10
/\ processReady = 3
/\ nWorkers = 2
/\ bodies = << [pos |-> 0, vel |-> 2],
   [pos |-> 0, vel |-> 1],
   [pos |-> 0, vel |-> 2],
   [pos |-> 0, vel |-> 2] >>
/\ pc = [master |-> "UpdatedVel", worker1 |-> "UpdVelB2", worker2 |-> "IncUpdatedVelw2"]
/\ allReady = TRUE
/\ updatedVelocity = 1
/\ allPositionsUpdated = FALSE
/\ body = [pos |-> 0, vel |-> 1]
/\ allVelocitiesUpdated = FALSE
/\ iter = 0
/\ updatedPosition = 0

@!@!@ENDMSG 2217 @!@!@
@!@!@STARTMSG 2217:4 @!@!@
15: <UpdVelB2 line 286, col 13 to line 292, col 35 of module Ass01>
/\ maxIter = 10
/\ processReady = 3
/\ nWorkers = 2
/\ bodies = << [pos |-> 0, vel |-> 2],
   [pos |-> 0, vel |-> 2],
   [pos |-> 0, vel |-> 2],
   [pos |-> 0, vel |-> 2] >>
/\ pc = [ master |-> "UpdatedVel",
  worker1 |-> "IncUpdatedVelw1",
  worker2 |-> "IncUpdatedVelw2" ]
/\ allReady = TRUE
/\ updatedVelocity = 1
/\ allPositionsUpdated = FALSE
/\ body = [pos |-> 0, vel |-> 1]
/\ allVelocitiesUpdated = FALSE
/\ iter = 0
/\ updatedPosition = 0

@!@!@ENDMSG 2217 @!@!@
@!@!@STARTMSG 2217:4 @!@!@
16: <IncUpdatedVelw1 line 294, col 20 to line 299, col 81 of module Ass01>
/\ maxIter = 10
/\ processReady = 3
/\ nWorkers = 2
/\ bodies = << [pos |-> 0, vel |-> 2],
   [pos |-> 0, vel |-> 2],
   [pos |-> 0, vel |-> 2],
   [pos |-> 0, vel |-> 2] >>
/\ pc = [ master |-> "UpdatedVel",
  worker1 |-> "UpdatedVelW1",
  worker2 |-> "IncUpdatedVelw2" ]
/\ allReady = TRUE
/\ updatedVelocity = 2
/\ allPositionsUpdated = FALSE
/\ body = [pos |-> 0, vel |-> 1]
/\ allVelocitiesUpdated = FALSE
/\ iter = 0
/\ updatedPosition = 0

@!@!@ENDMSG 2217 @!@!@
@!@!@STARTMSG 2217:4 @!@!@
17: <IncUpdatedVelw2 line 391, col 20 to line 396, col 81 of module Ass01>
/\ maxIter = 10
/\ processReady = 3
/\ nWorkers = 2
/\ bodies = << [pos |-> 0, vel |-> 2],
   [pos |-> 0, vel |-> 2],
   [pos |-> 0, vel |-> 2],
   [pos |-> 0, vel |-> 2] >>
/\ pc = [ master |-> "UpdatedVel",
  worker1 |-> "UpdatedVelW1",
  worker2 |-> "UpdatedVelW2" ]
/\ allReady = TRUE
/\ updatedVelocity = 3
/\ allPositionsUpdated = FALSE
/\ body = [pos |-> 0, vel |-> 1]
/\ allVelocitiesUpdated = FALSE
/\ iter = 0
/\ updatedPosition = 0

@!@!@ENDMSG 2217 @!@!@
@!@!@STARTMSG 2217:4 @!@!@
18: <UpdatedVelW1 line 301, col 17 to line 309, col 78 of module Ass01>
/\ maxIter = 10
/\ processReady = 3
/\ nWorkers = 2
/\ bodies = << [pos |-> 0, vel |-> 2],
   [pos |-> 0, vel |-> 2],
   [pos |-> 0, vel |-> 2],
   [pos |-> 0, vel |-> 2] >>
/\ pc = [master |-> "UpdatedVel", worker1 |-> "UpdPosB1", worker2 |-> "UpdatedVelW2"]
/\ allReady = TRUE
/\ updatedVelocity = 3
/\ allPositionsUpdated = FALSE
/\ body = [pos |-> 0, vel |-> 1]
/\ allVelocitiesUpdated = TRUE
/\ iter = 0
/\ updatedPosition = 0

@!@!@ENDMSG 2217 @!@!@
@!@!@STARTMSG 2217:4 @!@!@
19: <UpdPosB1 line 311, col 13 to line 317, col 35 of module Ass01>
/\ maxIter = 10
/\ processReady = 3
/\ nWorkers = 2
/\ bodies = << [pos |-> 1, vel |-> 2],
   [pos |-> 0, vel |-> 2],
   [pos |-> 0, vel |-> 2],
   [pos |-> 0, vel |-> 2] >>
/\ pc = [master |-> "UpdatedVel", worker1 |-> "UpdPosB2", worker2 |-> "UpdatedVelW2"]
/\ allReady = TRUE
/\ updatedVelocity = 3
/\ allPositionsUpdated = FALSE
/\ body = [pos |-> 0, vel |-> 1]
/\ allVelocitiesUpdated = TRUE
/\ iter = 0
/\ updatedPosition = 0

@!@!@ENDMSG 2217 @!@!@
@!@!@STARTMSG 2217:4 @!@!@
20: <UpdatedVel line 208, col 15 to line 218, col 76 of module Ass01>
/\ maxIter = 10
/\ processReady = 3
/\ nWorkers = 2
/\ bodies = << [pos |-> 1, vel |-> 2],
   [pos |-> 0, vel |-> 2],
   [pos |-> 0, vel |-> 2],
   [pos |-> 0, vel |-> 2] >>
/\ pc = [ master |-> "IncUpdatedPosition",
  worker1 |-> "UpdPosB2",
  worker2 |-> "UpdatedVelW2" ]
/\ allReady = TRUE
/\ updatedVelocity = 3
/\ allPositionsUpdated = FALSE
/\ body = [pos |-> 0, vel |-> 1]
/\ allVelocitiesUpdated = TRUE
/\ iter = 0
/\ updatedPosition = 0

@!@!@ENDMSG 2217 @!@!@
@!@!@STARTMSG 2217:4 @!@!@
21: <IncUpdatedPosition line 220, col 23 to line 226, col 47 of module Ass01>
/\ maxIter = 10
/\ processReady = 3
/\ nWorkers = 2
/\ bodies = << [pos |-> 1, vel |-> 2],
   [pos |-> 0, vel |-> 2],
   [pos |-> 0, vel |-> 2],
   [pos |-> 0, vel |-> 2] >>
/\ pc = [master |-> "UpdatedPos", worker1 |-> "UpdPosB2", worker2 |-> "UpdatedVelW2"]
/\ allReady = TRUE
/\ updatedVelocity = 3
/\ allPositionsUpdated = FALSE
/\ body = [pos |-> 0, vel |-> 1]
/\ allVelocitiesUpdated = TRUE
/\ iter = 0
/\ updatedPosition = 1

@!@!@ENDMSG 2217 @!@!@
@!@!@STARTMSG 2217:4 @!@!@
22: <UpdatedVelW2 line 398, col 17 to line 406, col 78 of module Ass01>
/\ maxIter = 10
/\ processReady = 3
/\ nWorkers = 2
/\ bodies = << [pos |-> 1, vel |-> 2],
   [pos |-> 0, vel |-> 2],
   [pos |-> 0, vel |-> 2],
   [pos |-> 0, vel |-> 2] >>
/\ pc = [master |-> "UpdatedPos", worker1 |-> "UpdPosB2", worker2 |-> "UpdPosB3"]
/\ allReady = TRUE
/\ updatedVelocity = 3
/\ allPositionsUpdated = FALSE
/\ body = [pos |-> 0, vel |-> 1]
/\ allVelocitiesUpdated = TRUE
/\ iter = 0
/\ updatedPosition = 1

@!@!@ENDMSG 2217 @!@!@
@!@!@STARTMSG 2217:4 @!@!@
23: <UpdPosB3 line 408, col 13 to line 414, col 35 of module Ass01>
/\ maxIter = 10
/\ processReady = 3
/\ nWorkers = 2
/\ bodies = << [pos |-> 1, vel |-> 2],
   [pos |-> 0, vel |-> 2],
   [pos |-> 1, vel |-> 2],
   [pos |-> 0, vel |-> 2] >>
/\ pc = [master |-> "UpdatedPos", worker1 |-> "UpdPosB2", worker2 |-> "UpdPosB4"]
/\ allReady = TRUE
/\ updatedVelocity = 3
/\ allPositionsUpdated = FALSE
/\ body = [pos |-> 0, vel |-> 1]
/\ allVelocitiesUpdated = TRUE
/\ iter = 0
/\ updatedPosition = 1

@!@!@ENDMSG 2217 @!@!@
@!@!@STARTMSG 2217:4 @!@!@
24: <UpdPosB2 line 319, col 13 to line 325, col 35 of module Ass01>
/\ maxIter = 10
/\ processReady = 3
/\ nWorkers = 2
/\ bodies = << [pos |-> 1, vel |-> 2],
   [pos |-> 1, vel |-> 2],
   [pos |-> 1, vel |-> 2],
   [pos |-> 0, vel |-> 2] >>
/\ pc = [master |-> "UpdatedPos", worker1 |-> "IncUpdatedPosW1", worker2 |-> "UpdPosB4"]
/\ allReady = TRUE
/\ updatedVelocity = 3
/\ allPositionsUpdated = FALSE
/\ body = [pos |-> 0, vel |-> 1]
/\ allVelocitiesUpdated = TRUE
/\ iter = 0
/\ updatedPosition = 1

@!@!@ENDMSG 2217 @!@!@
@!@!@STARTMSG 2217:4 @!@!@
25: <UpdPosB4 line 416, col 13 to line 422, col 35 of module Ass01>
/\ maxIter = 10
/\ processReady = 3
/\ nWorkers = 2
/\ bodies = << [pos |-> 1, vel |-> 2],
   [pos |-> 1, vel |-> 2],
   [pos |-> 1, vel |-> 2],
   [pos |-> 1, vel |-> 2] >>
/\ pc = [ master |-> "UpdatedPos",
  worker1 |-> "IncUpdatedPosW1",
  worker2 |-> "IncUpdatedPosW2" ]
/\ allReady = TRUE
/\ updatedVelocity = 3
/\ allPositionsUpdated = FALSE
/\ body = [pos |-> 0, vel |-> 1]
/\ allVelocitiesUpdated = TRUE
/\ iter = 0
/\ updatedPosition = 1

@!@!@ENDMSG 2217 @!@!@
@!@!@STARTMSG 2217:4 @!@!@
26: <IncUpdatedPosW2 line 424, col 20 to line 429, col 81 of module Ass01>
/\ maxIter = 10
/\ processReady = 3
/\ nWorkers = 2
/\ bodies = << [pos |-> 1, vel |-> 2],
   [pos |-> 1, vel |-> 2],
   [pos |-> 1, vel |-> 2],
   [pos |-> 1, vel |-> 2] >>
/\ pc = [ master |-> "UpdatedPos",
  worker1 |-> "IncUpdatedPosW1",
  worker2 |-> "UpdatedPosW2" ]
/\ allReady = TRUE
/\ updatedVelocity = 3
/\ allPositionsUpdated = FALSE
/\ body = [pos |-> 0, vel |-> 1]
/\ allVelocitiesUpdated = TRUE
/\ iter = 0
/\ updatedPosition = 2

@!@!@ENDMSG 2217 @!@!@
@!@!@STARTMSG 2217:4 @!@!@
27: <IncUpdatedPosW1 line 327, col 20 to line 332, col 81 of module Ass01>
/\ maxIter = 10
/\ processReady = 3
/\ nWorkers = 2
/\ bodies = << [pos |-> 1, vel |-> 2],
   [pos |-> 1, vel |-> 2],
   [pos |-> 1, vel |-> 2],
   [pos |-> 1, vel |-> 2] >>
/\ pc = [ master |-> "UpdatedPos",
  worker1 |-> "UpdatedPosW1",
  worker2 |-> "UpdatedPosW2" ]
/\ allReady = TRUE
/\ updatedVelocity = 3
/\ allPositionsUpdated = FALSE
/\ body = [pos |-> 0, vel |-> 1]
/\ allVelocitiesUpdated = TRUE
/\ iter = 0
/\ updatedPosition = 3

@!@!@ENDMSG 2217 @!@!@
@!@!@STARTMSG 2217:4 @!@!@
28: <UpdatedPos line 228, col 15 to line 238, col 72 of module Ass01>
/\ maxIter = 10
/\ processReady = 3
/\ nWorkers = 2
/\ bodies = << [pos |-> 1, vel |-> 2],
   [pos |-> 1, vel |-> 2],
   [pos |-> 1, vel |-> 2],
   [pos |-> 1, vel |-> 2] >>
/\ pc = [master |-> "NewIter", worker1 |-> "UpdatedPosW1", worker2 |-> "UpdatedPosW2"]
/\ allReady = TRUE
/\ updatedVelocity = 3
/\ allPositionsUpdated = TRUE
/\ body = [pos |-> 0, vel |-> 1]
/\ allVelocitiesUpdated = TRUE
/\ iter = 0
/\ updatedPosition = 3

@!@!@ENDMSG 2217 @!@!@
@!@!@STARTMSG 2217:4 @!@!@
29: <NewIter line 240, col 12 to line 245, col 73 of module Ass01>
/\ maxIter = 10
/\ processReady = 3
/\ nWorkers = 2
/\ bodies = << [pos |-> 1, vel |-> 2],
   [pos |-> 1, vel |-> 2],
   [pos |-> 1, vel |-> 2],
   [pos |-> 1, vel |-> 2] >>
/\ pc = [ master |-> "MainLoopMaster",
  worker1 |-> "UpdatedPosW1",
  worker2 |-> "UpdatedPosW2" ]
/\ allReady = TRUE
/\ updatedVelocity = 3
/\ allPositionsUpdated = TRUE
/\ body = [pos |-> 0, vel |-> 1]
/\ allVelocitiesUpdated = TRUE
/\ iter = 1
/\ updatedPosition = 3

@!@!@ENDMSG 2217 @!@!@
@!@!@STARTMSG 2217:4 @!@!@
30: <MainLoopMaster line 171, col 19 to line 178, col 59 of module Ass01>
/\ maxIter = 10
/\ processReady = 3
/\ nWorkers = 2
/\ bodies = << [pos |-> 1, vel |-> 2],
   [pos |-> 1, vel |-> 2],
   [pos |-> 1, vel |-> 2],
   [pos |-> 1, vel |-> 2] >>
/\ pc = [ master |-> "IncReadyToStart",
  worker1 |-> "UpdatedPosW1",
  worker2 |-> "UpdatedPosW2" ]
/\ allReady = TRUE
/\ updatedVelocity = 3
/\ allPositionsUpdated = TRUE
/\ body = [pos |-> 0, vel |-> 1]
/\ allVelocitiesUpdated = TRUE
/\ iter = 1
/\ updatedPosition = 3

@!@!@ENDMSG 2217 @!@!@
@!@!@STARTMSG 2217:4 @!@!@
31: <IncReadyToStart line 180, col 20 to line 185, col 81 of module Ass01>
/\ maxIter = 10
/\ processReady = 4
/\ nWorkers = 2
/\ bodies = << [pos |-> 1, vel |-> 2],
   [pos |-> 1, vel |-> 2],
   [pos |-> 1, vel |-> 2],
   [pos |-> 1, vel |-> 2] >>
/\ pc = [ master |-> "ReadyToStart",
  worker1 |-> "UpdatedPosW1",
  worker2 |-> "UpdatedPosW2" ]
/\ allReady = TRUE
/\ updatedVelocity = 3
/\ allPositionsUpdated = TRUE
/\ body = [pos |-> 0, vel |-> 1]
/\ allVelocitiesUpdated = TRUE
/\ iter = 1
/\ updatedPosition = 3

@!@!@ENDMSG 2217 @!@!@
@!@!@STARTMSG 2217:4 @!@!@
32: <ReadyToStart line 187, col 17 to line 198, col 79 of module Ass01>
/\ maxIter = 10
/\ processReady = 4
/\ nWorkers = 2
/\ bodies = << [pos |-> 1, vel |-> 2],
   [pos |-> 1, vel |-> 2],
   [pos |-> 1, vel |-> 2],
   [pos |-> 1, vel |-> 2] >>
/\ pc = [ master |-> "IncUpdatedVelocity",
  worker1 |-> "UpdatedPosW1",
  worker2 |-> "UpdatedPosW2" ]
/\ allReady = TRUE
/\ updatedVelocity = 3
/\ allPositionsUpdated = FALSE
/\ body = [pos |-> 0, vel |-> 1]
/\ allVelocitiesUpdated = TRUE
/\ iter = 1
/\ updatedPosition = 0

@!@!@ENDMSG 2217 @!@!@
@!@!@STARTMSG 2217:4 @!@!@
33: <IncUpdatedVelocity line 200, col 23 to line 206, col 47 of module Ass01>
/\ maxIter = 10
/\ processReady = 4
/\ nWorkers = 2
/\ bodies = << [pos |-> 1, vel |-> 2],
   [pos |-> 1, vel |-> 2],
   [pos |-> 1, vel |-> 2],
   [pos |-> 1, vel |-> 2] >>
/\ pc = [ master |-> "UpdatedVel",
  worker1 |-> "UpdatedPosW1",
  worker2 |-> "UpdatedPosW2" ]
/\ allReady = TRUE
/\ updatedVelocity = 4
/\ allPositionsUpdated = FALSE
/\ body = [pos |-> 0, vel |-> 1]
/\ allVelocitiesUpdated = TRUE
/\ iter = 1
/\ updatedPosition = 0

@!@!@ENDMSG 2217 @!@!@
@!@!@STARTMSG 2217:4 @!@!@
34: <UpdatedVel line 208, col 15 to line 218, col 76 of module Ass01>
/\ maxIter = 10
/\ processReady = 0
/\ nWorkers = 2
/\ bodies = << [pos |-> 1, vel |-> 2],
   [pos |-> 1, vel |-> 2],
   [pos |-> 1, vel |-> 2],
   [pos |-> 1, vel |-> 2] >>
/\ pc = [ master |-> "IncUpdatedPosition",
  worker1 |-> "UpdatedPosW1",
  worker2 |-> "UpdatedPosW2" ]
/\ allReady = FALSE
/\ updatedVelocity = 4
/\ allPositionsUpdated = FALSE
/\ body = [pos |-> 0, vel |-> 1]
/\ allVelocitiesUpdated = TRUE
/\ iter = 1
/\ updatedPosition = 0

@!@!@ENDMSG 2217 @!@!@
@!@!@STARTMSG 2217:4 @!@!@
35: <IncUpdatedPosition line 220, col 23 to line 226, col 47 of module Ass01>
/\ maxIter = 10
/\ processReady = 0
/\ nWorkers = 2
/\ bodies = << [pos |-> 1, vel |-> 2],
   [pos |-> 1, vel |-> 2],
   [pos |-> 1, vel |-> 2],
   [pos |-> 1, vel |-> 2] >>
/\ pc = [ master |-> "UpdatedPos",
  worker1 |-> "UpdatedPosW1",
  worker2 |-> "UpdatedPosW2" ]
/\ allReady = FALSE
/\ updatedVelocity = 4
/\ allPositionsUpdated = FALSE
/\ body = [pos |-> 0, vel |-> 1]
/\ allVelocitiesUpdated = TRUE
/\ iter = 1
/\ updatedPosition = 1

@!@!@ENDMSG 2217 @!@!@
@!@!@STARTMSG 2201:0 @!@!@
The coverage statistics at 2022-03-30 10:06:57
@!@!@ENDMSG 2201 @!@!@
@!@!@STARTMSG 2773:0 @!@!@
<Init line 155, col 1 to line 155, col 4 of module Ass01>: 6:6
@!@!@ENDMSG 2773 @!@!@
@!@!@STARTMSG 2221:0 @!@!@
  line 159, col 12 to line 159, col 27 of module Ass01: 6
@!@!@ENDMSG 2221 @!@!@
@!@!@STARTMSG 2221:0 @!@!@
  line 161, col 12 to line 161, col 39 of module Ass01: 6
@!@!@ENDMSG 2221 @!@!@
@!@!@STARTMSG 2221:0 @!@!@
  line 163, col 12 to line 163, col 38 of module Ass01: 6
@!@!@ENDMSG 2221 @!@!@
@!@!@STARTMSG 2221:0 @!@!@
  line 165, col 12 to line 165, col 40 of module Ass01: 6
@!@!@ENDMSG 2221 @!@!@
@!@!@STARTMSG 2221:0 @!@!@
  line 166, col 12 to line 166, col 47 of module Ass01: 6
@!@!@ENDMSG 2221 @!@!@
@!@!@STARTMSG 2221:0 @!@!@
  line 167, col 12 to line 169, col 76 of module Ass01: 6
@!@!@ENDMSG 2221 @!@!@
@!@!@STARTMSG 2775:0 @!@!@
  |line 167, col 17 to line 169, col 76 of module Ass01: 6:18
@!@!@ENDMSG 2775 @!@!@
@!@!@STARTMSG 2221:0 @!@!@
  ||line 167, col 27 to line 167, col 33 of module Ass01: 6
@!@!@ENDMSG 2221 @!@!@
@!@!@STARTMSG 2772:0 @!@!@
<MainLoopMaster line 171, col 1 to line 171, col 14 of module Ass01>: 9:66
@!@!@ENDMSG 2772 @!@!@
@!@!@STARTMSG 2221:0 @!@!@
  line 171, col 22 to line 171, col 52 of module Ass01: 736
@!@!@ENDMSG 2221 @!@!@
@!@!@STARTMSG 2221:0 @!@!@
  |line 171, col 22 to line 171, col 33 of module Ass01: 670
@!@!@ENDMSG 2221 @!@!@
@!@!@STARTMSG 2221:0 @!@!@
  line 172, col 25 to line 172, col 38 of module Ass01: 66
@!@!@ENDMSG 2221 @!@!@
@!@!@STARTMSG 2221:0 @!@!@
  line 173, col 30 to line 173, col 81 of module Ass01: 66
@!@!@ENDMSG 2221 @!@!@
@!@!@STARTMSG 2221:0 @!@!@
  line 174, col 33 to line 174, col 70 of module Ass01: 0
@!@!@ENDMSG 2221 @!@!@
@!@!@STARTMSG 2221:0 @!@!@
  line 175, col 22 to line 178, col 59 of module Ass01: 66
@!@!@ENDMSG 2221 @!@!@
@!@!@STARTMSG 2772:0 @!@!@
<IncReadyToStart line 180, col 1 to line 180, col 15 of module Ass01>: 8:60
@!@!@ENDMSG 2772 @!@!@
@!@!@STARTMSG 2221:0 @!@!@
  line 180, col 23 to line 180, col 54 of module Ass01: 720
@!@!@ENDMSG 2221 @!@!@
@!@!@STARTMSG 2221:0 @!@!@
  |line 180, col 23 to line 180, col 34 of module Ass01: 660
@!@!@ENDMSG 2221 @!@!@
@!@!@STARTMSG 2221:0 @!@!@
  line 181, col 23 to line 181, col 54 of module Ass01: 60
@!@!@ENDMSG 2221 @!@!@
@!@!@STARTMSG 2221:0 @!@!@
  line 182, col 23 to line 182, col 68 of module Ass01: 60
@!@!@ENDMSG 2221 @!@!@
@!@!@STARTMSG 2221:0 @!@!@
  line 183, col 23 to line 185, col 81 of module Ass01: 60
@!@!@ENDMSG 2221 @!@!@
@!@!@STARTMSG 2772:0 @!@!@
<ReadyToStart line 187, col 1 to line 187, col 12 of module Ass01>: 10:72
@!@!@ENDMSG 2772 @!@!@
@!@!@STARTMSG 2221:0 @!@!@
  line 187, col 20 to line 187, col 48 of module Ass01: 722
@!@!@ENDMSG 2221 @!@!@
@!@!@STARTMSG 2221:0 @!@!@
  |line 187, col 20 to line 187, col 31 of module Ass01: 650
@!@!@ENDMSG 2221 @!@!@
@!@!@STARTMSG 2221:0 @!@!@
  line 188, col 23 to line 188, col 38 of module Ass01: 100
@!@!@ENDMSG 2221 @!@!@
@!@!@STARTMSG 2221:0 @!@!@
  line 189, col 31 to line 189, col 46 of module Ass01: 30
@!@!@ENDMSG 2221 @!@!@
@!@!@STARTMSG 2221:0 @!@!@
  line 190, col 31 to line 191, col 65 of module Ass01: 30
@!@!@ENDMSG 2221 @!@!@
@!@!@STARTMSG 2221:0 @!@!@
  line 192, col 31 to line 192, col 38 of module Ass01: 42
@!@!@ENDMSG 2221 @!@!@
@!@!@STARTMSG 2221:0 @!@!@
  line 193, col 31 to line 193, col 58 of module Ass01: 42
@!@!@ENDMSG 2221 @!@!@
@!@!@STARTMSG 2221:0 @!@!@
  line 194, col 31 to line 194, col 50 of module Ass01: 42
@!@!@ENDMSG 2221 @!@!@
@!@!@STARTMSG 2221:0 @!@!@
  line 195, col 31 to line 195, col 48 of module Ass01: 42
@!@!@ENDMSG 2221 @!@!@
@!@!@STARTMSG 2221:0 @!@!@
  line 196, col 20 to line 196, col 71 of module Ass01: 72
@!@!@ENDMSG 2221 @!@!@
@!@!@STARTMSG 2221:0 @!@!@
  line 197, col 20 to line 198, col 79 of module Ass01: 72
@!@!@ENDMSG 2221 @!@!@
@!@!@STARTMSG 2772:0 @!@!@
<IncUpdatedVelocity line 200, col 1 to line 200, col 18 of module Ass01>: 11:62
@!@!@ENDMSG 2772 @!@!@
@!@!@STARTMSG 2221:0 @!@!@
  line 200, col 26 to line 200, col 60 of module Ass01: 702
@!@!@ENDMSG 2221 @!@!@
@!@!@STARTMSG 2221:0 @!@!@
  |line 200, col 26 to line 200, col 37 of module Ass01: 640
@!@!@ENDMSG 2221 @!@!@
@!@!@STARTMSG 2221:0 @!@!@
  line 201, col 26 to line 201, col 63 of module Ass01: 62
@!@!@ENDMSG 2221 @!@!@
@!@!@STARTMSG 2221:0 @!@!@
  line 202, col 26 to line 202, col 69 of module Ass01: 62
@!@!@ENDMSG 2221 @!@!@
@!@!@STARTMSG 2221:0 @!@!@
  line 203, col 26 to line 206, col 47 of module Ass01: 62
@!@!@ENDMSG 2221 @!@!@
@!@!@STARTMSG 2772:0 @!@!@
<UpdatedVel line 208, col 1 to line 208, col 10 of module Ass01>: 20:66
@!@!@ENDMSG 2772 @!@!@
@!@!@STARTMSG 2221:0 @!@!@
  line 208, col 18 to line 208, col 44 of module Ass01: 696
@!@!@ENDMSG 2221 @!@!@
@!@!@STARTMSG 2221:0 @!@!@
  |line 208, col 18 to line 208, col 29 of module Ass01: 630
@!@!@ENDMSG 2221 @!@!@
@!@!@STARTMSG 2221:0 @!@!@
  line 209, col 21 to line 209, col 39 of module Ass01: 130
@!@!@ENDMSG 2221 @!@!@
@!@!@STARTMSG 2221:0 @!@!@
  line 210, col 29 to line 210, col 56 of module Ass01: 40
@!@!@ENDMSG 2221 @!@!@
@!@!@STARTMSG 2221:0 @!@!@
  line 211, col 29 to line 211, col 66 of module Ass01: 40
@!@!@ENDMSG 2221 @!@!@
@!@!@STARTMSG 2221:0 @!@!@
  line 212, col 29 to line 212, col 48 of module Ass01: 26
@!@!@ENDMSG 2221 @!@!@
@!@!@STARTMSG 2221:0 @!@!@
  line 213, col 29 to line 213, col 45 of module Ass01: 26
@!@!@ENDMSG 2221 @!@!@
@!@!@STARTMSG 2221:0 @!@!@
  line 214, col 29 to line 214, col 45 of module Ass01: 26
@!@!@ENDMSG 2221 @!@!@
@!@!@STARTMSG 2221:0 @!@!@
  line 215, col 29 to line 215, col 58 of module Ass01: 26
@!@!@ENDMSG 2221 @!@!@
@!@!@STARTMSG 2221:0 @!@!@
  line 216, col 18 to line 216, col 69 of module Ass01: 66
@!@!@ENDMSG 2221 @!@!@
@!@!@STARTMSG 2221:0 @!@!@
  line 217, col 18 to line 218, col 76 of module Ass01: 66
@!@!@ENDMSG 2221 @!@!@
@!@!@STARTMSG 2772:0 @!@!@
<IncUpdatedPosition line 220, col 1 to line 220, col 18 of module Ass01>: 15:53
@!@!@ENDMSG 2772 @!@!@
@!@!@STARTMSG 2221:0 @!@!@
  line 220, col 26 to line 220, col 60 of module Ass01: 673
@!@!@ENDMSG 2221 @!@!@
@!@!@STARTMSG 2221:0 @!@!@
  |line 220, col 26 to line 220, col 37 of module Ass01: 620
@!@!@ENDMSG 2221 @!@!@
@!@!@STARTMSG 2221:0 @!@!@
  line 221, col 26 to line 221, col 63 of module Ass01: 53
@!@!@ENDMSG 2221 @!@!@
@!@!@STARTMSG 2221:0 @!@!@
  line 222, col 26 to line 222, col 69 of module Ass01: 53
@!@!@ENDMSG 2221 @!@!@
@!@!@STARTMSG 2221:0 @!@!@
  line 223, col 26 to line 226, col 47 of module Ass01: 53
@!@!@ENDMSG 2221 @!@!@
@!@!@STARTMSG 2772:0 @!@!@
<UpdatedPos line 228, col 1 to line 228, col 10 of module Ass01>: 6:72
@!@!@ENDMSG 2772 @!@!@
@!@!@STARTMSG 2221:0 @!@!@
  line 228, col 18 to line 228, col 44 of module Ass01: 682
@!@!@ENDMSG 2221 @!@!@
@!@!@STARTMSG 2221:0 @!@!@
  |line 228, col 18 to line 228, col 29 of module Ass01: 610
@!@!@ENDMSG 2221 @!@!@
@!@!@STARTMSG 2221:0 @!@!@
  line 229, col 21 to line 229, col 39 of module Ass01: 139
@!@!@ENDMSG 2221 @!@!@
@!@!@STARTMSG 2221:0 @!@!@
  line 230, col 29 to line 230, col 55 of module Ass01: 72
@!@!@ENDMSG 2221 @!@!@
@!@!@STARTMSG 2221:0 @!@!@
  line 231, col 29 to line 231, col 81 of module Ass01: 72
@!@!@ENDMSG 2221 @!@!@
@!@!@STARTMSG 2221:0 @!@!@
  line 233, col 29 to line 233, col 57 of module Ass01: 0
@!@!@ENDMSG 2221 @!@!@
@!@!@STARTMSG 2221:0 @!@!@
  line 234, col 29 to line 234, col 48 of module Ass01: 0
@!@!@ENDMSG 2221 @!@!@
@!@!@STARTMSG 2221:0 @!@!@
  line 235, col 29 to line 235, col 57 of module Ass01: 0
@!@!@ENDMSG 2221 @!@!@
@!@!@STARTMSG 2221:0 @!@!@
  line 236, col 18 to line 236, col 58 of module Ass01: 72
@!@!@ENDMSG 2221 @!@!@
@!@!@STARTMSG 2221:0 @!@!@
  line 237, col 18 to line 238, col 72 of module Ass01: 72
@!@!@ENDMSG 2221 @!@!@
@!@!@STARTMSG 2772:0 @!@!@
<NewIter line 240, col 1 to line 240, col 7 of module Ass01>: 7:60
@!@!@ENDMSG 2772 @!@!@
@!@!@STARTMSG 2221:0 @!@!@
  line 240, col 15 to line 240, col 38 of module Ass01: 665
@!@!@ENDMSG 2221 @!@!@
@!@!@STARTMSG 2221:0 @!@!@
  |line 240, col 15 to line 240, col 26 of module Ass01: 605
@!@!@ENDMSG 2221 @!@!@
@!@!@STARTMSG 2221:0 @!@!@
  line 241, col 15 to line 241, col 30 of module Ass01: 60
@!@!@ENDMSG 2221 @!@!@
@!@!@STARTMSG 2221:0 @!@!@
  line 242, col 15 to line 242, col 62 of module Ass01: 60
@!@!@ENDMSG 2221 @!@!@
@!@!@STARTMSG 2221:0 @!@!@
  line 243, col 15 to line 245, col 73 of module Ass01: 60
@!@!@ENDMSG 2221 @!@!@
@!@!@STARTMSG 2772:0 @!@!@
<MainLoopW1 line 251, col 1 to line 251, col 10 of module Ass01>: 24:75
@!@!@ENDMSG 2772 @!@!@
@!@!@STARTMSG 2221:0 @!@!@
  line 251, col 18 to line 251, col 45 of module Ass01: 675
@!@!@ENDMSG 2221 @!@!@
@!@!@STARTMSG 2221:0 @!@!@
  |line 251, col 18 to line 251, col 30 of module Ass01: 600
@!@!@ENDMSG 2221 @!@!@
@!@!@STARTMSG 2221:0 @!@!@
  line 252, col 21 to line 252, col 34 of module Ass01: 75
@!@!@ENDMSG 2221 @!@!@
@!@!@STARTMSG 2221:0 @!@!@
  line 253, col 26 to line 253, col 80 of module Ass01: 75
@!@!@ENDMSG 2221 @!@!@
@!@!@STARTMSG 2221:0 @!@!@
  line 254, col 29 to line 254, col 67 of module Ass01: 0
@!@!@ENDMSG 2221 @!@!@
@!@!@STARTMSG 2221:0 @!@!@
  line 255, col 18 to line 258, col 45 of module Ass01: 75
@!@!@ENDMSG 2221 @!@!@
@!@!@STARTMSG 2772:0 @!@!@
<IncReadyToStartW1 line 260, col 1 to line 260, col 17 of module Ass01>: 32:65
@!@!@ENDMSG 2772 @!@!@
@!@!@STARTMSG 2221:0 @!@!@
  line 260, col 25 to line 260, col 59 of module Ass01: 659
@!@!@ENDMSG 2221 @!@!@
@!@!@STARTMSG 2221:0 @!@!@
  |line 260, col 25 to line 260, col 37 of module Ass01: 594
@!@!@ENDMSG 2221 @!@!@
@!@!@STARTMSG 2221:0 @!@!@
  line 261, col 25 to line 261, col 56 of module Ass01: 65
@!@!@ENDMSG 2221 @!@!@
@!@!@STARTMSG 2221:0 @!@!@
  line 262, col 25 to line 262, col 73 of module Ass01: 65
@!@!@ENDMSG 2221 @!@!@
@!@!@STARTMSG 2221:0 @!@!@
  line 263, col 25 to line 266, col 46 of module Ass01: 65
@!@!@ENDMSG 2221 @!@!@
@!@!@STARTMSG 2772:0 @!@!@
<ReadyToStartW1 line 268, col 1 to line 268, col 14 of module Ass01>: 24:64
@!@!@ENDMSG 2772 @!@!@
@!@!@STARTMSG 2221:0 @!@!@
  line 268, col 22 to line 268, col 53 of module Ass01: 652
@!@!@ENDMSG 2221 @!@!@
@!@!@STARTMSG 2221:0 @!@!@
  |line 268, col 22 to line 268, col 34 of module Ass01: 588
@!@!@ENDMSG 2221 @!@!@
@!@!@STARTMSG 2221:0 @!@!@
  line 269, col 25 to line 269, col 40 of module Ass01: 87
@!@!@ENDMSG 2221 @!@!@
@!@!@STARTMSG 2221:0 @!@!@
  line 270, col 30 to line 270, col 48 of module Ass01: 25
@!@!@ENDMSG 2221 @!@!@
@!@!@STARTMSG 2221:0 @!@!@
  line 271, col 33 to line 271, col 40 of module Ass01: 39
@!@!@ENDMSG 2221 @!@!@
@!@!@STARTMSG 2221:0 @!@!@
  line 272, col 33 to line 272, col 50 of module Ass01: 39
@!@!@ENDMSG 2221 @!@!@
@!@!@STARTMSG 2221:0 @!@!@
  line 273, col 22 to line 273, col 64 of module Ass01: 64
@!@!@ENDMSG 2221 @!@!@
@!@!@STARTMSG 2221:0 @!@!@
  line 274, col 22 to line 276, col 80 of module Ass01: 64
@!@!@ENDMSG 2221 @!@!@
@!@!@STARTMSG 2772:0 @!@!@
<UpdVelB1 line 278, col 1 to line 278, col 8 of module Ass01>: 26:52
@!@!@ENDMSG 2772 @!@!@
@!@!@STARTMSG 2221:0 @!@!@
  line 278, col 16 to line 278, col 41 of module Ass01: 635
@!@!@ENDMSG 2221 @!@!@
@!@!@STARTMSG 2221:0 @!@!@
  |line 278, col 16 to line 278, col 28 of module Ass01: 583
@!@!@ENDMSG 2221 @!@!@
@!@!@STARTMSG 2221:0 @!@!@
  line 279, col 16 to line 279, col 69 of module Ass01: 52
@!@!@ENDMSG 2221 @!@!@
@!@!@STARTMSG 2221:0 @!@!@
  line 280, col 16 to line 280, col 58 of module Ass01: 52
@!@!@ENDMSG 2221 @!@!@
@!@!@STARTMSG 2221:0 @!@!@
  line 281, col 16 to line 284, col 35 of module Ass01: 52
@!@!@ENDMSG 2221 @!@!@
@!@!@STARTMSG 2772:0 @!@!@
<UpdVelB2 line 286, col 1 to line 286, col 8 of module Ass01>: 26:55
@!@!@ENDMSG 2772 @!@!@
@!@!@STARTMSG 2221:0 @!@!@
  line 286, col 16 to line 286, col 41 of module Ass01: 633
@!@!@ENDMSG 2221 @!@!@
@!@!@STARTMSG 2221:0 @!@!@
  |line 286, col 16 to line 286, col 28 of module Ass01: 578
@!@!@ENDMSG 2221 @!@!@
@!@!@STARTMSG 2221:0 @!@!@
  line 287, col 16 to line 287, col 69 of module Ass01: 55
@!@!@ENDMSG 2221 @!@!@
@!@!@STARTMSG 2221:0 @!@!@
  line 288, col 16 to line 288, col 65 of module Ass01: 55
@!@!@ENDMSG 2221 @!@!@
@!@!@STARTMSG 2221:0 @!@!@
  line 289, col 16 to line 292, col 35 of module Ass01: 55
@!@!@ENDMSG 2221 @!@!@
@!@!@STARTMSG 2772:0 @!@!@
<IncUpdatedVelw1 line 294, col 1 to line 294, col 15 of module Ass01>: 24:38
@!@!@ENDMSG 2772 @!@!@
@!@!@STARTMSG 2221:0 @!@!@
  line 294, col 23 to line 294, col 55 of module Ass01: 611
@!@!@ENDMSG 2221 @!@!@
@!@!@STARTMSG 2221:0 @!@!@
  |line 294, col 23 to line 294, col 35 of module Ass01: 573
@!@!@ENDMSG 2221 @!@!@
@!@!@STARTMSG 2221:0 @!@!@
  line 295, col 23 to line 295, col 60 of module Ass01: 38
@!@!@ENDMSG 2221 @!@!@
@!@!@STARTMSG 2221:0 @!@!@
  line 296, col 23 to line 296, col 69 of module Ass01: 38
@!@!@ENDMSG 2221 @!@!@
@!@!@STARTMSG 2221:0 @!@!@
  line 297, col 23 to line 299, col 81 of module Ass01: 38
@!@!@ENDMSG 2221 @!@!@
@!@!@STARTMSG 2772:0 @!@!@
<UpdatedVelW1 line 301, col 1 to line 301, col 12 of module Ass01>: 12:31
@!@!@ENDMSG 2772 @!@!@
@!@!@STARTMSG 2221:0 @!@!@
  line 301, col 20 to line 301, col 49 of module Ass01: 599
@!@!@ENDMSG 2221 @!@!@
@!@!@STARTMSG 2221:0 @!@!@
  |line 301, col 20 to line 301, col 32 of module Ass01: 568
@!@!@ENDMSG 2221 @!@!@
@!@!@STARTMSG 2221:0 @!@!@
  line 302, col 23 to line 302, col 41 of module Ass01: 50
@!@!@ENDMSG 2221 @!@!@
@!@!@STARTMSG 2221:0 @!@!@
  line 303, col 28 to line 303, col 58 of module Ass01: 20
@!@!@ENDMSG 2221 @!@!@
@!@!@STARTMSG 2221:0 @!@!@
  line 304, col 31 to line 304, col 50 of module Ass01: 11
@!@!@ENDMSG 2221 @!@!@
@!@!@STARTMSG 2221:0 @!@!@
  line 305, col 31 to line 305, col 60 of module Ass01: 11
@!@!@ENDMSG 2221 @!@!@
@!@!@STARTMSG 2221:0 @!@!@
  line 306, col 20 to line 306, col 62 of module Ass01: 31
@!@!@ENDMSG 2221 @!@!@
@!@!@STARTMSG 2221:0 @!@!@
  line 307, col 20 to line 309, col 78 of module Ass01: 31
@!@!@ENDMSG 2221 @!@!@
@!@!@STARTMSG 2772:0 @!@!@
<UpdPosB1 line 311, col 1 to line 311, col 8 of module Ass01>: 7:26
@!@!@ENDMSG 2772 @!@!@
@!@!@STARTMSG 2221:0 @!@!@
  line 311, col 16 to line 311, col 41 of module Ass01: 589
@!@!@ENDMSG 2221 @!@!@
@!@!@STARTMSG 2221:0 @!@!@
  |line 311, col 16 to line 311, col 28 of module Ass01: 563
@!@!@ENDMSG 2221 @!@!@
@!@!@STARTMSG 2221:0 @!@!@
  line 312, col 16 to line 312, col 69 of module Ass01: 26
@!@!@ENDMSG 2221 @!@!@
@!@!@STARTMSG 2221:0 @!@!@
  line 313, col 16 to line 313, col 58 of module Ass01: 26
@!@!@ENDMSG 2221 @!@!@
@!@!@STARTMSG 2221:0 @!@!@
  line 314, col 16 to line 317, col 35 of module Ass01: 26
@!@!@ENDMSG 2221 @!@!@
@!@!@STARTMSG 2772:0 @!@!@
<UpdPosB2 line 319, col 1 to line 319, col 8 of module Ass01>: 7:32
@!@!@ENDMSG 2772 @!@!@
@!@!@STARTMSG 2221:0 @!@!@
  line 319, col 16 to line 319, col 41 of module Ass01: 590
@!@!@ENDMSG 2221 @!@!@
@!@!@STARTMSG 2221:0 @!@!@
  |line 319, col 16 to line 319, col 28 of module Ass01: 558
@!@!@ENDMSG 2221 @!@!@
@!@!@STARTMSG 2221:0 @!@!@
  line 320, col 16 to line 320, col 69 of module Ass01: 32
@!@!@ENDMSG 2221 @!@!@
@!@!@STARTMSG 2221:0 @!@!@
  line 321, col 16 to line 321, col 65 of module Ass01: 32
@!@!@ENDMSG 2221 @!@!@
@!@!@STARTMSG 2221:0 @!@!@
  line 322, col 16 to line 325, col 35 of module Ass01: 32
@!@!@ENDMSG 2221 @!@!@
@!@!@STARTMSG 2772:0 @!@!@
<IncUpdatedPosW1 line 327, col 1 to line 327, col 15 of module Ass01>: 6:30
@!@!@ENDMSG 2772 @!@!@
@!@!@STARTMSG 2221:0 @!@!@
  line 327, col 23 to line 327, col 55 of module Ass01: 583
@!@!@ENDMSG 2221 @!@!@
@!@!@STARTMSG 2221:0 @!@!@
  |line 327, col 23 to line 327, col 35 of module Ass01: 553
@!@!@ENDMSG 2221 @!@!@
@!@!@STARTMSG 2221:0 @!@!@
  line 328, col 23 to line 328, col 60 of module Ass01: 30
@!@!@ENDMSG 2221 @!@!@
@!@!@STARTMSG 2221:0 @!@!@
  line 329, col 23 to line 329, col 69 of module Ass01: 30
@!@!@ENDMSG 2221 @!@!@
@!@!@STARTMSG 2221:0 @!@!@
  line 330, col 23 to line 332, col 81 of module Ass01: 30
@!@!@ENDMSG 2221 @!@!@
@!@!@STARTMSG 2772:0 @!@!@
<UpdatedPosW1 line 334, col 1 to line 334, col 12 of module Ass01>: 12:50
@!@!@ENDMSG 2772 @!@!@
@!@!@STARTMSG 2221:0 @!@!@
  line 334, col 20 to line 334, col 49 of module Ass01: 598
@!@!@ENDMSG 2221 @!@!@
@!@!@STARTMSG 2221:0 @!@!@
  |line 334, col 20 to line 334, col 32 of module Ass01: 548
@!@!@ENDMSG 2221 @!@!@
@!@!@STARTMSG 2221:0 @!@!@
  line 335, col 23 to line 335, col 41 of module Ass01: 90
@!@!@ENDMSG 2221 @!@!@
@!@!@STARTMSG 2221:0 @!@!@
  line 336, col 28 to line 336, col 57 of module Ass01: 50
@!@!@ENDMSG 2221 @!@!@
@!@!@STARTMSG 2221:0 @!@!@
  line 338, col 31 to line 338, col 59 of module Ass01: 0
@!@!@ENDMSG 2221 @!@!@
@!@!@STARTMSG 2221:0 @!@!@
  line 339, col 20 to line 339, col 64 of module Ass01: 50
@!@!@ENDMSG 2221 @!@!@
@!@!@STARTMSG 2221:0 @!@!@
  line 340, col 20 to line 342, col 74 of module Ass01: 50
@!@!@ENDMSG 2221 @!@!@
@!@!@STARTMSG 2772:0 @!@!@
<MainLoopW2 line 348, col 1 to line 348, col 10 of module Ass01>: 36:76
@!@!@ENDMSG 2772 @!@!@
@!@!@STARTMSG 2221:0 @!@!@
  line 348, col 18 to line 348, col 45 of module Ass01: 623
@!@!@ENDMSG 2221 @!@!@
@!@!@STARTMSG 2221:0 @!@!@
  |line 348, col 18 to line 348, col 30 of module Ass01: 547
@!@!@ENDMSG 2221 @!@!@
@!@!@STARTMSG 2221:0 @!@!@
  line 349, col 21 to line 349, col 34 of module Ass01: 76
@!@!@ENDMSG 2221 @!@!@
@!@!@STARTMSG 2221:0 @!@!@
  line 350, col 26 to line 350, col 80 of module Ass01: 76
@!@!@ENDMSG 2221 @!@!@
@!@!@STARTMSG 2221:0 @!@!@
  line 351, col 29 to line 351, col 67 of module Ass01: 0
@!@!@ENDMSG 2221 @!@!@
@!@!@STARTMSG 2221:0 @!@!@
  line 352, col 18 to line 355, col 45 of module Ass01: 76
@!@!@ENDMSG 2221 @!@!@
@!@!@STARTMSG 2772:0 @!@!@
<IncReadyToStartW2 line 357, col 1 to line 357, col 17 of module Ass01>: 38:67
@!@!@ENDMSG 2772 @!@!@
@!@!@STARTMSG 2221:0 @!@!@
  line 357, col 25 to line 357, col 59 of module Ass01: 607
@!@!@ENDMSG 2221 @!@!@
@!@!@STARTMSG 2221:0 @!@!@
  |line 357, col 25 to line 357, col 37 of module Ass01: 540
@!@!@ENDMSG 2221 @!@!@
@!@!@STARTMSG 2221:0 @!@!@
  line 358, col 25 to line 358, col 56 of module Ass01: 67
@!@!@ENDMSG 2221 @!@!@
@!@!@STARTMSG 2221:0 @!@!@
  line 359, col 25 to line 359, col 73 of module Ass01: 67
@!@!@ENDMSG 2221 @!@!@
@!@!@STARTMSG 2221:0 @!@!@
  line 360, col 25 to line 363, col 46 of module Ass01: 67
@!@!@ENDMSG 2221 @!@!@
@!@!@STARTMSG 2772:0 @!@!@
<ReadyToStartW2 line 365, col 1 to line 365, col 14 of module Ass01>: 39:60
@!@!@ENDMSG 2772 @!@!@
@!@!@STARTMSG 2221:0 @!@!@
  line 365, col 22 to line 365, col 53 of module Ass01: 593
@!@!@ENDMSG 2221 @!@!@
@!@!@STARTMSG 2221:0 @!@!@
  |line 365, col 22 to line 365, col 34 of module Ass01: 533
@!@!@ENDMSG 2221 @!@!@
@!@!@STARTMSG 2221:0 @!@!@
  line 366, col 25 to line 366, col 40 of module Ass01: 74
@!@!@ENDMSG 2221 @!@!@
@!@!@STARTMSG 2221:0 @!@!@
  line 367, col 30 to line 367, col 48 of module Ass01: 20
@!@!@ENDMSG 2221 @!@!@
@!@!@STARTMSG 2221:0 @!@!@
  line 368, col 33 to line 368, col 40 of module Ass01: 40
@!@!@ENDMSG 2221 @!@!@
@!@!@STARTMSG 2221:0 @!@!@
  line 369, col 33 to line 369, col 50 of module Ass01: 40
@!@!@ENDMSG 2221 @!@!@
@!@!@STARTMSG 2221:0 @!@!@
  line 370, col 22 to line 370, col 64 of module Ass01: 60
@!@!@ENDMSG 2221 @!@!@
@!@!@STARTMSG 2221:0 @!@!@
  line 371, col 22 to line 373, col 80 of module Ass01: 60
@!@!@ENDMSG 2221 @!@!@
@!@!@STARTMSG 2772:0 @!@!@
<UpdVelB3 line 375, col 1 to line 375, col 8 of module Ass01>: 35:54
@!@!@ENDMSG 2772 @!@!@
@!@!@STARTMSG 2221:0 @!@!@
  line 375, col 16 to line 375, col 41 of module Ass01: 582
@!@!@ENDMSG 2221 @!@!@
@!@!@STARTMSG 2221:0 @!@!@
  |line 375, col 16 to line 375, col 28 of module Ass01: 528
@!@!@ENDMSG 2221 @!@!@
@!@!@STARTMSG 2221:0 @!@!@
  line 376, col 16 to line 376, col 69 of module Ass01: 54
@!@!@ENDMSG 2221 @!@!@
@!@!@STARTMSG 2221:0 @!@!@
  line 377, col 16 to line 377, col 58 of module Ass01: 54
@!@!@ENDMSG 2221 @!@!@
@!@!@STARTMSG 2221:0 @!@!@
  line 378, col 16 to line 381, col 35 of module Ass01: 54
@!@!@ENDMSG 2221 @!@!@
@!@!@STARTMSG 2772:0 @!@!@
<UpdVelB4 line 383, col 1 to line 383, col 8 of module Ass01>: 31:45
@!@!@ENDMSG 2772 @!@!@
@!@!@STARTMSG 2221:0 @!@!@
  line 383, col 16 to line 383, col 41 of module Ass01: 568
@!@!@ENDMSG 2221 @!@!@
@!@!@STARTMSG 2221:0 @!@!@
  |line 383, col 16 to line 383, col 28 of module Ass01: 523
@!@!@ENDMSG 2221 @!@!@
@!@!@STARTMSG 2221:0 @!@!@
  line 384, col 16 to line 384, col 69 of module Ass01: 45
@!@!@ENDMSG 2221 @!@!@
@!@!@STARTMSG 2221:0 @!@!@
  line 385, col 16 to line 385, col 65 of module Ass01: 45
@!@!@ENDMSG 2221 @!@!@
@!@!@STARTMSG 2221:0 @!@!@
  line 386, col 16 to line 389, col 35 of module Ass01: 45
@!@!@ENDMSG 2221 @!@!@
@!@!@STARTMSG 2772:0 @!@!@
<IncUpdatedVelw2 line 391, col 1 to line 391, col 15 of module Ass01>: 30:37
@!@!@ENDMSG 2772 @!@!@
@!@!@STARTMSG 2221:0 @!@!@
  line 391, col 23 to line 391, col 55 of module Ass01: 555
@!@!@ENDMSG 2221 @!@!@
@!@!@STARTMSG 2221:0 @!@!@
  |line 391, col 23 to line 391, col 35 of module Ass01: 518
@!@!@ENDMSG 2221 @!@!@
@!@!@STARTMSG 2221:0 @!@!@
  line 392, col 23 to line 392, col 60 of module Ass01: 37
@!@!@ENDMSG 2221 @!@!@
@!@!@STARTMSG 2221:0 @!@!@
  line 393, col 23 to line 393, col 69 of module Ass01: 37
@!@!@ENDMSG 2221 @!@!@
@!@!@STARTMSG 2221:0 @!@!@
  line 394, col 23 to line 396, col 81 of module Ass01: 37
@!@!@ENDMSG 2221 @!@!@
@!@!@STARTMSG 2772:0 @!@!@
<UpdatedVelW2 line 398, col 1 to line 398, col 12 of module Ass01>: 22:31
@!@!@ENDMSG 2772 @!@!@
@!@!@STARTMSG 2221:0 @!@!@
  line 398, col 20 to line 398, col 49 of module Ass01: 544
@!@!@ENDMSG 2221 @!@!@
@!@!@STARTMSG 2221:0 @!@!@
  |line 398, col 20 to line 398, col 32 of module Ass01: 513
@!@!@ENDMSG 2221 @!@!@
@!@!@STARTMSG 2221:0 @!@!@
  line 399, col 23 to line 399, col 41 of module Ass01: 45
@!@!@ENDMSG 2221 @!@!@
@!@!@STARTMSG 2221:0 @!@!@
  line 400, col 28 to line 400, col 58 of module Ass01: 20
@!@!@ENDMSG 2221 @!@!@
@!@!@STARTMSG 2221:0 @!@!@
  line 401, col 31 to line 401, col 50 of module Ass01: 11
@!@!@ENDMSG 2221 @!@!@
@!@!@STARTMSG 2221:0 @!@!@
  line 402, col 31 to line 402, col 60 of module Ass01: 11
@!@!@ENDMSG 2221 @!@!@
@!@!@STARTMSG 2221:0 @!@!@
  line 403, col 20 to line 403, col 62 of module Ass01: 31
@!@!@ENDMSG 2221 @!@!@
@!@!@STARTMSG 2221:0 @!@!@
  line 404, col 20 to line 406, col 78 of module Ass01: 31
@!@!@ENDMSG 2221 @!@!@
@!@!@STARTMSG 2772:0 @!@!@
<UpdPosB3 line 408, col 1 to line 408, col 8 of module Ass01>: 18:26
@!@!@ENDMSG 2772 @!@!@
@!@!@STARTMSG 2221:0 @!@!@
  line 408, col 16 to line 408, col 41 of module Ass01: 534
@!@!@ENDMSG 2221 @!@!@
@!@!@STARTMSG 2221:0 @!@!@
  |line 408, col 16 to line 408, col 28 of module Ass01: 508
@!@!@ENDMSG 2221 @!@!@
@!@!@STARTMSG 2221:0 @!@!@
  line 409, col 16 to line 409, col 69 of module Ass01: 26
@!@!@ENDMSG 2221 @!@!@
@!@!@STARTMSG 2221:0 @!@!@
  line 410, col 16 to line 410, col 58 of module Ass01: 26
@!@!@ENDMSG 2221 @!@!@
@!@!@STARTMSG 2221:0 @!@!@
  line 411, col 16 to line 414, col 35 of module Ass01: 26
@!@!@ENDMSG 2221 @!@!@
@!@!@STARTMSG 2772:0 @!@!@
<UpdPosB4 line 416, col 1 to line 416, col 8 of module Ass01>: 17:23
@!@!@ENDMSG 2772 @!@!@
@!@!@STARTMSG 2221:0 @!@!@
  line 416, col 16 to line 416, col 41 of module Ass01: 526
@!@!@ENDMSG 2221 @!@!@
@!@!@STARTMSG 2221:0 @!@!@
  |line 416, col 16 to line 416, col 28 of module Ass01: 503
@!@!@ENDMSG 2221 @!@!@
@!@!@STARTMSG 2221:0 @!@!@
  line 417, col 16 to line 417, col 69 of module Ass01: 23
@!@!@ENDMSG 2221 @!@!@
@!@!@STARTMSG 2221:0 @!@!@
  line 418, col 16 to line 418, col 65 of module Ass01: 23
@!@!@ENDMSG 2221 @!@!@
@!@!@STARTMSG 2221:0 @!@!@
  line 419, col 16 to line 422, col 35 of module Ass01: 23
@!@!@ENDMSG 2221 @!@!@
@!@!@STARTMSG 2772:0 @!@!@
<IncUpdatedPosW2 line 424, col 1 to line 424, col 15 of module Ass01>: 12:20
@!@!@ENDMSG 2772 @!@!@
@!@!@STARTMSG 2221:0 @!@!@
  line 424, col 23 to line 424, col 55 of module Ass01: 518
@!@!@ENDMSG 2221 @!@!@
@!@!@STARTMSG 2221:0 @!@!@
  |line 424, col 23 to line 424, col 35 of module Ass01: 498
@!@!@ENDMSG 2221 @!@!@
@!@!@STARTMSG 2221:0 @!@!@
  line 425, col 23 to line 425, col 60 of module Ass01: 20
@!@!@ENDMSG 2221 @!@!@
@!@!@STARTMSG 2221:0 @!@!@
  line 426, col 23 to line 426, col 69 of module Ass01: 20
@!@!@ENDMSG 2221 @!@!@
@!@!@STARTMSG 2221:0 @!@!@
  line 427, col 23 to line 429, col 81 of module Ass01: 20
@!@!@ENDMSG 2221 @!@!@
@!@!@STARTMSG 2772:0 @!@!@
<UpdatedPosW2 line 431, col 1 to line 431, col 12 of module Ass01>: 9:46
@!@!@ENDMSG 2772 @!@!@
@!@!@STARTMSG 2221:0 @!@!@
  line 431, col 20 to line 431, col 49 of module Ass01: 539
@!@!@ENDMSG 2221 @!@!@
@!@!@STARTMSG 2221:0 @!@!@
  |line 431, col 20 to line 431, col 32 of module Ass01: 493
@!@!@ENDMSG 2221 @!@!@
@!@!@STARTMSG 2221:0 @!@!@
  line 432, col 23 to line 432, col 41 of module Ass01: 80
@!@!@ENDMSG 2221 @!@!@
@!@!@STARTMSG 2221:0 @!@!@
  line 433, col 28 to line 433, col 57 of module Ass01: 46
@!@!@ENDMSG 2221 @!@!@
@!@!@STARTMSG 2221:0 @!@!@
  line 435, col 31 to line 435, col 59 of module Ass01: 0
@!@!@ENDMSG 2221 @!@!@
@!@!@STARTMSG 2221:0 @!@!@
  line 436, col 20 to line 436, col 64 of module Ass01: 46
@!@!@ENDMSG 2221 @!@!@
@!@!@STARTMSG 2221:0 @!@!@
  line 437, col 20 to line 439, col 74 of module Ass01: 46
@!@!@ENDMSG 2221 @!@!@
@!@!@STARTMSG 2772:0 @!@!@
<Terminating line 446, col 1 to line 446, col 11 of module Ass01>: 0:0
@!@!@ENDMSG 2772 @!@!@
@!@!@STARTMSG 2221:0 @!@!@
  line 446, col 19 to line 446, col 56 of module Ass01: 491
@!@!@ENDMSG 2221 @!@!@
@!@!@STARTMSG 2221:0 @!@!@
  line 447, col 19 to line 447, col 32 of module Ass01: 0
@!@!@ENDMSG 2221 @!@!@
@!@!@STARTMSG 2202:0 @!@!@
End of statistics.
@!@!@ENDMSG 2202 @!@!@
@!@!@STARTMSG 2200:0 @!@!@
Progress(39) at 2022-03-30 10:06:57: 1.280 states generated (34.042 s/min), 574 distinct states found (15.265 ds/min), 83 states left on queue.
@!@!@ENDMSG 2200 @!@!@
@!@!@STARTMSG 2199:0 @!@!@
1280 states generated, 574 distinct states found, 83 states left on queue.
@!@!@ENDMSG 2199 @!@!@
@!@!@STARTMSG 2194:0 @!@!@
The depth of the complete state graph search is 39.
@!@!@ENDMSG 2194 @!@!@
@!@!@STARTMSG 2186:0 @!@!@
Finished in 2284ms at (2022-03-30 10:06:57)
@!@!@ENDMSG 2186 @!@!@
