@!@!@STARTMSG 2262:0 @!@!@
TLC2 Version 2.18 of Day Month 20?? (rev: e042eaf)
@!@!@ENDMSG 2262 @!@!@
@!@!@STARTMSG 2187:0 @!@!@
Running breadth-first search Model-Checking with fp 15 and seed 8391818323718734497 with 4 workers on 8 cores with 608MB heap and 1365MB offheap memory [pid: 49351] (Mac OS X 10.16 x86_64, AdoptOpenJDK 14.0.1 x86_64, OffHeapDiskFPSet, DiskStateQueue).
@!@!@ENDMSG 2187 @!@!@
@!@!@STARTMSG 2220:0 @!@!@
Starting SANY...
@!@!@ENDMSG 2220 @!@!@
Parsing file /Users/davidedomini/Documents/Ass01.toolbox/Model_1/MC.tla
Parsing file /Users/davidedomini/Documents/Ass01.toolbox/Model_1/Ass01.tla
Warning: symbols were renamed.
Parsing file /Users/davidedomini/Desktop/Università/PCD/TLA+ Toolbox.app/Contents/Eclipse/plugins/org.lamport.tlatools_1.0.0.202203260600/tla2sany/StandardModules/TLC.tla (file:/Users/davidedomini/Desktop/Università/PCD/TLA+%20Toolbox.app/Contents/Eclipse/plugins/org.lamport.tlatools_1.0.0.202203260600/tla2sany/StandardModules/TLC.tla)
Parsing file /Users/davidedomini/Desktop/Università/PCD/TLA+ Toolbox.app/Contents/Eclipse/plugins/org.lamport.tlatools_1.0.0.202203260600/tla2sany/StandardModules/Integers.tla (file:/Users/davidedomini/Desktop/Università/PCD/TLA+%20Toolbox.app/Contents/Eclipse/plugins/org.lamport.tlatools_1.0.0.202203260600/tla2sany/StandardModules/Integers.tla)
Parsing file /Users/davidedomini/Desktop/Università/PCD/TLA+ Toolbox.app/Contents/Eclipse/plugins/org.lamport.tlatools_1.0.0.202203260600/tla2sany/StandardModules/Sequences.tla (file:/Users/davidedomini/Desktop/Università/PCD/TLA+%20Toolbox.app/Contents/Eclipse/plugins/org.lamport.tlatools_1.0.0.202203260600/tla2sany/StandardModules/Sequences.tla)
Parsing file /Users/davidedomini/Desktop/Università/PCD/TLA+ Toolbox.app/Contents/Eclipse/plugins/org.lamport.tlatools_1.0.0.202203260600/tla2sany/StandardModules/Naturals.tla (file:/Users/davidedomini/Desktop/Università/PCD/TLA+%20Toolbox.app/Contents/Eclipse/plugins/org.lamport.tlatools_1.0.0.202203260600/tla2sany/StandardModules/Naturals.tla)
Parsing file /Users/davidedomini/Desktop/Università/PCD/TLA+ Toolbox.app/Contents/Eclipse/plugins/org.lamport.tlatools_1.0.0.202203260600/tla2sany/StandardModules/FiniteSets.tla (file:/Users/davidedomini/Desktop/Università/PCD/TLA+%20Toolbox.app/Contents/Eclipse/plugins/org.lamport.tlatools_1.0.0.202203260600/tla2sany/StandardModules/FiniteSets.tla)
Semantic processing of module Naturals
Semantic processing of module Integers
Semantic processing of module Sequences
Semantic processing of module Ass01
Semantic processing of module FiniteSets
Semantic processing of module TLC
Semantic processing of module MC
@!@!@STARTMSG 2219:0 @!@!@
SANY finished.
@!@!@ENDMSG 2219 @!@!@
@!@!@STARTMSG 2185:0 @!@!@
Starting... (2022-03-30 10:01:21)
@!@!@ENDMSG 2185 @!@!@
@!@!@STARTMSG 2189:0 @!@!@
Computing initial states...
@!@!@ENDMSG 2189 @!@!@
@!@!@STARTMSG 2190:0 @!@!@
Finished computing initial states: 1 distinct state generated at 2022-03-30 10:01:22.
@!@!@ENDMSG 2190 @!@!@
@!@!@STARTMSG 2114:1 @!@!@
Deadlock reached.
@!@!@ENDMSG 2114 @!@!@
@!@!@STARTMSG 2121:1 @!@!@
The behavior up to this point is:
@!@!@ENDMSG 2121 @!@!@
@!@!@STARTMSG 2217:4 @!@!@
1: <Initial predicate>
/\ maxIter = 10
/\ processReady = 0
/\ nWorkers = 2
/\ bodies = << [pos |-> 0, vel |-> 1],
   [pos |-> 0, vel |-> 1],
   [pos |-> 0, vel |-> 1],
   [pos |-> 0, vel |-> 1] >>
/\ pc = [ master |-> "MainLoopMaster",
  worker1 |-> "MainLoopW1",
  worker2 |-> "MainLoopW2" ]
/\ allReady = FALSE
/\ updatedVelocity = 0
/\ allPositionsUpdated = FALSE
/\ body = [pos |-> 0, vel |-> 1]
/\ allVelocitiesUpdated = FALSE
/\ iter = 0
/\ updatedPosition = 0

@!@!@ENDMSG 2217 @!@!@
@!@!@STARTMSG 2217:4 @!@!@
2: <MainLoopMaster line 176, col 19 to line 183, col 59 of module Ass01>
/\ maxIter = 10
/\ processReady = 0
/\ nWorkers = 2
/\ bodies = << [pos |-> 0, vel |-> 1],
   [pos |-> 0, vel |-> 1],
   [pos |-> 0, vel |-> 1],
   [pos |-> 0, vel |-> 1] >>
/\ pc = [ master |-> "IncReadyToStart",
  worker1 |-> "MainLoopW1",
  worker2 |-> "MainLoopW2" ]
/\ allReady = FALSE
/\ updatedVelocity = 0
/\ allPositionsUpdated = FALSE
/\ body = [pos |-> 0, vel |-> 1]
/\ allVelocitiesUpdated = FALSE
/\ iter = 0
/\ updatedPosition = 0

@!@!@ENDMSG 2217 @!@!@
@!@!@STARTMSG 2217:4 @!@!@
3: <IncReadyToStart line 185, col 20 to line 190, col 81 of module Ass01>
/\ maxIter = 10
/\ processReady = 1
/\ nWorkers = 2
/\ bodies = << [pos |-> 0, vel |-> 1],
   [pos |-> 0, vel |-> 1],
   [pos |-> 0, vel |-> 1],
   [pos |-> 0, vel |-> 1] >>
/\ pc = [master |-> "ReadyToStart", worker1 |-> "MainLoopW1", worker2 |-> "MainLoopW2"]
/\ allReady = FALSE
/\ updatedVelocity = 0
/\ allPositionsUpdated = FALSE
/\ body = [pos |-> 0, vel |-> 1]
/\ allVelocitiesUpdated = FALSE
/\ iter = 0
/\ updatedPosition = 0

@!@!@ENDMSG 2217 @!@!@
@!@!@STARTMSG 2217:4 @!@!@
4: <MainLoopW2 line 375, col 15 to line 382, col 45 of module Ass01>
/\ maxIter = 10
/\ processReady = 1
/\ nWorkers = 2
/\ bodies = << [pos |-> 0, vel |-> 1],
   [pos |-> 0, vel |-> 1],
   [pos |-> 0, vel |-> 1],
   [pos |-> 0, vel |-> 1] >>
/\ pc = [ master |-> "ReadyToStart",
  worker1 |-> "MainLoopW1",
  worker2 |-> "IncReadyToStartW2" ]
/\ allReady = FALSE
/\ updatedVelocity = 0
/\ allPositionsUpdated = FALSE
/\ body = [pos |-> 0, vel |-> 1]
/\ allVelocitiesUpdated = FALSE
/\ iter = 0
/\ updatedPosition = 0

@!@!@ENDMSG 2217 @!@!@
@!@!@STARTMSG 2217:4 @!@!@
5: <MainLoopW1 line 278, col 15 to line 285, col 45 of module Ass01>
/\ maxIter = 10
/\ processReady = 1
/\ nWorkers = 2
/\ bodies = << [pos |-> 0, vel |-> 1],
   [pos |-> 0, vel |-> 1],
   [pos |-> 0, vel |-> 1],
   [pos |-> 0, vel |-> 1] >>
/\ pc = [ master |-> "ReadyToStart",
  worker1 |-> "IncReadyToStartW1",
  worker2 |-> "IncReadyToStartW2" ]
/\ allReady = FALSE
/\ updatedVelocity = 0
/\ allPositionsUpdated = FALSE
/\ body = [pos |-> 0, vel |-> 1]
/\ allVelocitiesUpdated = FALSE
/\ iter = 0
/\ updatedPosition = 0

@!@!@ENDMSG 2217 @!@!@
@!@!@STARTMSG 2217:4 @!@!@
6: <IncReadyToStartW1 line 287, col 22 to line 293, col 46 of module Ass01>
/\ maxIter = 10
/\ processReady = 2
/\ nWorkers = 2
/\ bodies = << [pos |-> 0, vel |-> 1],
   [pos |-> 0, vel |-> 1],
   [pos |-> 0, vel |-> 1],
   [pos |-> 0, vel |-> 1] >>
/\ pc = [ master |-> "ReadyToStart",
  worker1 |-> "ReadyToStartW1",
  worker2 |-> "IncReadyToStartW2" ]
/\ allReady = FALSE
/\ updatedVelocity = 0
/\ allPositionsUpdated = FALSE
/\ body = [pos |-> 0, vel |-> 1]
/\ allVelocitiesUpdated = FALSE
/\ iter = 0
/\ updatedPosition = 0

@!@!@ENDMSG 2217 @!@!@
@!@!@STARTMSG 2217:4 @!@!@
7: <IncReadyToStartW2 line 384, col 22 to line 390, col 46 of module Ass01>
/\ maxIter = 10
/\ processReady = 3
/\ nWorkers = 2
/\ bodies = << [pos |-> 0, vel |-> 1],
   [pos |-> 0, vel |-> 1],
   [pos |-> 0, vel |-> 1],
   [pos |-> 0, vel |-> 1] >>
/\ pc = [ master |-> "ReadyToStart",
  worker1 |-> "ReadyToStartW1",
  worker2 |-> "ReadyToStartW2" ]
/\ allReady = FALSE
/\ updatedVelocity = 0
/\ allPositionsUpdated = FALSE
/\ body = [pos |-> 0, vel |-> 1]
/\ allVelocitiesUpdated = FALSE
/\ iter = 0
/\ updatedPosition = 0

@!@!@ENDMSG 2217 @!@!@
@!@!@STARTMSG 2217:4 @!@!@
8: <ReadyToStartW1 line 295, col 19 to line 303, col 80 of module Ass01>
/\ maxIter = 10
/\ processReady = 3
/\ nWorkers = 2
/\ bodies = << [pos |-> 0, vel |-> 1],
   [pos |-> 0, vel |-> 1],
   [pos |-> 0, vel |-> 1],
   [pos |-> 0, vel |-> 1] >>
/\ pc = [ master |-> "ReadyToStart",
  worker1 |-> "UpdVelB1",
  worker2 |-> "ReadyToStartW2" ]
/\ allReady = TRUE
/\ updatedVelocity = 0
/\ allPositionsUpdated = FALSE
/\ body = [pos |-> 0, vel |-> 1]
/\ allVelocitiesUpdated = FALSE
/\ iter = 0
/\ updatedPosition = 0

@!@!@ENDMSG 2217 @!@!@
@!@!@STARTMSG 2217:4 @!@!@
9: <ReadyToStart line 192, col 17 to line 201, col 78 of module Ass01>
/\ maxIter = 10
/\ processReady = 3
/\ nWorkers = 2
/\ bodies = << [pos |-> 0, vel |-> 1],
   [pos |-> 0, vel |-> 1],
   [pos |-> 0, vel |-> 1],
   [pos |-> 0, vel |-> 1] >>
/\ pc = [ master |-> "IncUpdatedVelocity",
  worker1 |-> "UpdVelB1",
  worker2 |-> "ReadyToStartW2" ]
/\ allReady = TRUE
/\ updatedVelocity = 0
/\ allPositionsUpdated = FALSE
/\ body = [pos |-> 0, vel |-> 1]
/\ allVelocitiesUpdated = FALSE
/\ iter = 0
/\ updatedPosition = 0

@!@!@ENDMSG 2217 @!@!@
@!@!@STARTMSG 2217:4 @!@!@
10: <IncUpdatedVelocity line 211, col 23 to line 217, col 47 of module Ass01>
/\ maxIter = 10
/\ processReady = 3
/\ nWorkers = 2
/\ bodies = << [pos |-> 0, vel |-> 1],
   [pos |-> 0, vel |-> 1],
   [pos |-> 0, vel |-> 1],
   [pos |-> 0, vel |-> 1] >>
/\ pc = [master |-> "UpdatedVel", worker1 |-> "UpdVelB1", worker2 |-> "ReadyToStartW2"]
/\ allReady = TRUE
/\ updatedVelocity = 1
/\ allPositionsUpdated = FALSE
/\ body = [pos |-> 0, vel |-> 1]
/\ allVelocitiesUpdated = FALSE
/\ iter = 0
/\ updatedPosition = 0

@!@!@ENDMSG 2217 @!@!@
@!@!@STARTMSG 2217:4 @!@!@
11: <ReadyToStartW2 line 392, col 19 to line 400, col 80 of module Ass01>
/\ maxIter = 10
/\ processReady = 3
/\ nWorkers = 2
/\ bodies = << [pos |-> 0, vel |-> 1],
   [pos |-> 0, vel |-> 1],
   [pos |-> 0, vel |-> 1],
   [pos |-> 0, vel |-> 1] >>
/\ pc = [master |-> "UpdatedVel", worker1 |-> "UpdVelB1", worker2 |-> "UpdVelB3"]
/\ allReady = TRUE
/\ updatedVelocity = 1
/\ allPositionsUpdated = FALSE
/\ body = [pos |-> 0, vel |-> 1]
/\ allVelocitiesUpdated = FALSE
/\ iter = 0
/\ updatedPosition = 0

@!@!@ENDMSG 2217 @!@!@
@!@!@STARTMSG 2217:4 @!@!@
12: <UpdVelB3 line 402, col 13 to line 408, col 35 of module Ass01>
/\ maxIter = 10
/\ processReady = 3
/\ nWorkers = 2
/\ bodies = << [pos |-> 0, vel |-> 1],
   [pos |-> 0, vel |-> 1],
   [pos |-> 0, vel |-> 2],
   [pos |-> 0, vel |-> 1] >>
/\ pc = [master |-> "UpdatedVel", worker1 |-> "UpdVelB1", worker2 |-> "UpdVelB4"]
/\ allReady = TRUE
/\ updatedVelocity = 1
/\ allPositionsUpdated = FALSE
/\ body = [pos |-> 0, vel |-> 1]
/\ allVelocitiesUpdated = FALSE
/\ iter = 0
/\ updatedPosition = 0

@!@!@ENDMSG 2217 @!@!@
@!@!@STARTMSG 2217:4 @!@!@
13: <UpdVelB4 line 410, col 13 to line 416, col 35 of module Ass01>
/\ maxIter = 10
/\ processReady = 3
/\ nWorkers = 2
/\ bodies = << [pos |-> 0, vel |-> 1],
   [pos |-> 0, vel |-> 1],
   [pos |-> 0, vel |-> 2],
   [pos |-> 0, vel |-> 2] >>
/\ pc = [master |-> "UpdatedVel", worker1 |-> "UpdVelB1", worker2 |-> "IncUpdatedVelw2"]
/\ allReady = TRUE
/\ updatedVelocity = 1
/\ allPositionsUpdated = FALSE
/\ body = [pos |-> 0, vel |-> 1]
/\ allVelocitiesUpdated = FALSE
/\ iter = 0
/\ updatedPosition = 0

@!@!@ENDMSG 2217 @!@!@
@!@!@STARTMSG 2217:4 @!@!@
14: <IncUpdatedVelw2 line 418, col 20 to line 423, col 81 of module Ass01>
/\ maxIter = 10
/\ processReady = 3
/\ nWorkers = 2
/\ bodies = << [pos |-> 0, vel |-> 1],
   [pos |-> 0, vel |-> 1],
   [pos |-> 0, vel |-> 2],
   [pos |-> 0, vel |-> 2] >>
/\ pc = [master |-> "UpdatedVel", worker1 |-> "UpdVelB1", worker2 |-> "UpdatedVelW2"]
/\ allReady = TRUE
/\ updatedVelocity = 2
/\ allPositionsUpdated = FALSE
/\ body = [pos |-> 0, vel |-> 1]
/\ allVelocitiesUpdated = FALSE
/\ iter = 0
/\ updatedPosition = 0

@!@!@ENDMSG 2217 @!@!@
@!@!@STARTMSG 2217:4 @!@!@
15: <UpdVelB1 line 305, col 13 to line 311, col 35 of module Ass01>
/\ maxIter = 10
/\ processReady = 3
/\ nWorkers = 2
/\ bodies = << [pos |-> 0, vel |-> 2],
   [pos |-> 0, vel |-> 1],
   [pos |-> 0, vel |-> 2],
   [pos |-> 0, vel |-> 2] >>
/\ pc = [master |-> "UpdatedVel", worker1 |-> "UpdVelB2", worker2 |-> "UpdatedVelW2"]
/\ allReady = TRUE
/\ updatedVelocity = 2
/\ allPositionsUpdated = FALSE
/\ body = [pos |-> 0, vel |-> 1]
/\ allVelocitiesUpdated = FALSE
/\ iter = 0
/\ updatedPosition = 0

@!@!@ENDMSG 2217 @!@!@
@!@!@STARTMSG 2217:4 @!@!@
16: <UpdVelB2 line 313, col 13 to line 319, col 35 of module Ass01>
/\ maxIter = 10
/\ processReady = 3
/\ nWorkers = 2
/\ bodies = << [pos |-> 0, vel |-> 2],
   [pos |-> 0, vel |-> 2],
   [pos |-> 0, vel |-> 2],
   [pos |-> 0, vel |-> 2] >>
/\ pc = [ master |-> "UpdatedVel",
  worker1 |-> "IncUpdatedVelw1",
  worker2 |-> "UpdatedVelW2" ]
/\ allReady = TRUE
/\ updatedVelocity = 2
/\ allPositionsUpdated = FALSE
/\ body = [pos |-> 0, vel |-> 1]
/\ allVelocitiesUpdated = FALSE
/\ iter = 0
/\ updatedPosition = 0

@!@!@ENDMSG 2217 @!@!@
@!@!@STARTMSG 2217:4 @!@!@
17: <IncUpdatedVelw1 line 321, col 20 to line 326, col 81 of module Ass01>
/\ maxIter = 10
/\ processReady = 3
/\ nWorkers = 2
/\ bodies = << [pos |-> 0, vel |-> 2],
   [pos |-> 0, vel |-> 2],
   [pos |-> 0, vel |-> 2],
   [pos |-> 0, vel |-> 2] >>
/\ pc = [ master |-> "UpdatedVel",
  worker1 |-> "UpdatedVelW1",
  worker2 |-> "UpdatedVelW2" ]
/\ allReady = TRUE
/\ updatedVelocity = 3
/\ allPositionsUpdated = FALSE
/\ body = [pos |-> 0, vel |-> 1]
/\ allVelocitiesUpdated = FALSE
/\ iter = 0
/\ updatedPosition = 0

@!@!@ENDMSG 2217 @!@!@
@!@!@STARTMSG 2217:4 @!@!@
18: <UpdatedVel line 219, col 15 to line 228, col 76 of module Ass01>
/\ maxIter = 10
/\ processReady = 3
/\ nWorkers = 2
/\ bodies = << [pos |-> 0, vel |-> 2],
   [pos |-> 0, vel |-> 2],
   [pos |-> 0, vel |-> 2],
   [pos |-> 0, vel |-> 2] >>
/\ pc = [ master |-> "IncUpdatedPosition",
  worker1 |-> "UpdatedVelW1",
  worker2 |-> "UpdatedVelW2" ]
/\ allReady = TRUE
/\ updatedVelocity = 3
/\ allPositionsUpdated = FALSE
/\ body = [pos |-> 0, vel |-> 1]
/\ allVelocitiesUpdated = TRUE
/\ iter = 0
/\ updatedPosition = 0

@!@!@ENDMSG 2217 @!@!@
@!@!@STARTMSG 2217:4 @!@!@
19: <IncUpdatedPosition line 239, col 23 to line 245, col 47 of module Ass01>
/\ maxIter = 10
/\ processReady = 3
/\ nWorkers = 2
/\ bodies = << [pos |-> 0, vel |-> 2],
   [pos |-> 0, vel |-> 2],
   [pos |-> 0, vel |-> 2],
   [pos |-> 0, vel |-> 2] >>
/\ pc = [ master |-> "UpdatedPos_",
  worker1 |-> "UpdatedVelW1",
  worker2 |-> "UpdatedVelW2" ]
/\ allReady = TRUE
/\ updatedVelocity = 3
/\ allPositionsUpdated = FALSE
/\ body = [pos |-> 0, vel |-> 1]
/\ allVelocitiesUpdated = TRUE
/\ iter = 0
/\ updatedPosition = 1

@!@!@ENDMSG 2217 @!@!@
@!@!@STARTMSG 2217:4 @!@!@
20: <UpdatedVelW1 line 328, col 17 to line 336, col 78 of module Ass01>
/\ maxIter = 10
/\ processReady = 3
/\ nWorkers = 2
/\ bodies = << [pos |-> 0, vel |-> 2],
   [pos |-> 0, vel |-> 2],
   [pos |-> 0, vel |-> 2],
   [pos |-> 0, vel |-> 2] >>
/\ pc = [master |-> "UpdatedPos_", worker1 |-> "UpdPosB1", worker2 |-> "UpdatedVelW2"]
/\ allReady = TRUE
/\ updatedVelocity = 3
/\ allPositionsUpdated = FALSE
/\ body = [pos |-> 0, vel |-> 1]
/\ allVelocitiesUpdated = TRUE
/\ iter = 0
/\ updatedPosition = 1

@!@!@ENDMSG 2217 @!@!@
@!@!@STARTMSG 2217:4 @!@!@
21: <UpdPosB1 line 338, col 13 to line 344, col 35 of module Ass01>
/\ maxIter = 10
/\ processReady = 3
/\ nWorkers = 2
/\ bodies = << [pos |-> 1, vel |-> 2],
   [pos |-> 0, vel |-> 2],
   [pos |-> 0, vel |-> 2],
   [pos |-> 0, vel |-> 2] >>
/\ pc = [master |-> "UpdatedPos_", worker1 |-> "UpdPosB2", worker2 |-> "UpdatedVelW2"]
/\ allReady = TRUE
/\ updatedVelocity = 3
/\ allPositionsUpdated = FALSE
/\ body = [pos |-> 0, vel |-> 1]
/\ allVelocitiesUpdated = TRUE
/\ iter = 0
/\ updatedPosition = 1

@!@!@ENDMSG 2217 @!@!@
@!@!@STARTMSG 2217:4 @!@!@
22: <UpdPosB2 line 346, col 13 to line 352, col 35 of module Ass01>
/\ maxIter = 10
/\ processReady = 3
/\ nWorkers = 2
/\ bodies = << [pos |-> 1, vel |-> 2],
   [pos |-> 1, vel |-> 2],
   [pos |-> 0, vel |-> 2],
   [pos |-> 0, vel |-> 2] >>
/\ pc = [ master |-> "UpdatedPos_",
  worker1 |-> "IncUpdatedPosW1",
  worker2 |-> "UpdatedVelW2" ]
/\ allReady = TRUE
/\ updatedVelocity = 3
/\ allPositionsUpdated = FALSE
/\ body = [pos |-> 0, vel |-> 1]
/\ allVelocitiesUpdated = TRUE
/\ iter = 0
/\ updatedPosition = 1

@!@!@ENDMSG 2217 @!@!@
@!@!@STARTMSG 2217:4 @!@!@
23: <UpdatedVelW2 line 425, col 17 to line 433, col 78 of module Ass01>
/\ maxIter = 10
/\ processReady = 3
/\ nWorkers = 2
/\ bodies = << [pos |-> 1, vel |-> 2],
   [pos |-> 1, vel |-> 2],
   [pos |-> 0, vel |-> 2],
   [pos |-> 0, vel |-> 2] >>
/\ pc = [ master |-> "UpdatedPos_",
  worker1 |-> "IncUpdatedPosW1",
  worker2 |-> "UpdPosB3" ]
/\ allReady = TRUE
/\ updatedVelocity = 3
/\ allPositionsUpdated = FALSE
/\ body = [pos |-> 0, vel |-> 1]
/\ allVelocitiesUpdated = TRUE
/\ iter = 0
/\ updatedPosition = 1

@!@!@ENDMSG 2217 @!@!@
@!@!@STARTMSG 2217:4 @!@!@
24: <IncUpdatedPosW1 line 354, col 20 to line 359, col 81 of module Ass01>
/\ maxIter = 10
/\ processReady = 3
/\ nWorkers = 2
/\ bodies = << [pos |-> 1, vel |-> 2],
   [pos |-> 1, vel |-> 2],
   [pos |-> 0, vel |-> 2],
   [pos |-> 0, vel |-> 2] >>
/\ pc = [master |-> "UpdatedPos_", worker1 |-> "UpdatedPos_W", worker2 |-> "UpdPosB3"]
/\ allReady = TRUE
/\ updatedVelocity = 3
/\ allPositionsUpdated = FALSE
/\ body = [pos |-> 0, vel |-> 1]
/\ allVelocitiesUpdated = TRUE
/\ iter = 0
/\ updatedPosition = 2

@!@!@ENDMSG 2217 @!@!@
@!@!@STARTMSG 2217:4 @!@!@
25: <UpdPosB3 line 435, col 13 to line 441, col 35 of module Ass01>
/\ maxIter = 10
/\ processReady = 3
/\ nWorkers = 2
/\ bodies = << [pos |-> 1, vel |-> 2],
   [pos |-> 1, vel |-> 2],
   [pos |-> 1, vel |-> 2],
   [pos |-> 0, vel |-> 2] >>
/\ pc = [master |-> "UpdatedPos_", worker1 |-> "UpdatedPos_W", worker2 |-> "UpdPosB4"]
/\ allReady = TRUE
/\ updatedVelocity = 3
/\ allPositionsUpdated = FALSE
/\ body = [pos |-> 0, vel |-> 1]
/\ allVelocitiesUpdated = TRUE
/\ iter = 0
/\ updatedPosition = 2

@!@!@ENDMSG 2217 @!@!@
@!@!@STARTMSG 2217:4 @!@!@
26: <UpdPosB4 line 443, col 13 to line 449, col 35 of module Ass01>
/\ maxIter = 10
/\ processReady = 3
/\ nWorkers = 2
/\ bodies = << [pos |-> 1, vel |-> 2],
   [pos |-> 1, vel |-> 2],
   [pos |-> 1, vel |-> 2],
   [pos |-> 1, vel |-> 2] >>
/\ pc = [ master |-> "UpdatedPos_",
  worker1 |-> "UpdatedPos_W",
  worker2 |-> "IncUpdatedPosW2" ]
/\ allReady = TRUE
/\ updatedVelocity = 3
/\ allPositionsUpdated = FALSE
/\ body = [pos |-> 0, vel |-> 1]
/\ allVelocitiesUpdated = TRUE
/\ iter = 0
/\ updatedPosition = 2

@!@!@ENDMSG 2217 @!@!@
@!@!@STARTMSG 2217:4 @!@!@
27: <IncUpdatedPosW2 line 451, col 20 to line 456, col 81 of module Ass01>
/\ maxIter = 10
/\ processReady = 3
/\ nWorkers = 2
/\ bodies = << [pos |-> 1, vel |-> 2],
   [pos |-> 1, vel |-> 2],
   [pos |-> 1, vel |-> 2],
   [pos |-> 1, vel |-> 2] >>
/\ pc = [master |-> "UpdatedPos_", worker1 |-> "UpdatedPos_W", worker2 |-> "UpdatedPos"]
/\ allReady = TRUE
/\ updatedVelocity = 3
/\ allPositionsUpdated = FALSE
/\ body = [pos |-> 0, vel |-> 1]
/\ allVelocitiesUpdated = TRUE
/\ iter = 0
/\ updatedPosition = 3

@!@!@ENDMSG 2217 @!@!@
@!@!@STARTMSG 2217:4 @!@!@
28: <UpdatedPos_ line 247, col 16 to line 256, col 73 of module Ass01>
/\ maxIter = 10
/\ processReady = 3
/\ nWorkers = 2
/\ bodies = << [pos |-> 1, vel |-> 2],
   [pos |-> 1, vel |-> 2],
   [pos |-> 1, vel |-> 2],
   [pos |-> 1, vel |-> 2] >>
/\ pc = [master |-> "NewIter", worker1 |-> "UpdatedPos_W", worker2 |-> "UpdatedPos"]
/\ allReady = TRUE
/\ updatedVelocity = 3
/\ allPositionsUpdated = TRUE
/\ body = [pos |-> 0, vel |-> 1]
/\ allVelocitiesUpdated = TRUE
/\ iter = 0
/\ updatedPosition = 3

@!@!@ENDMSG 2217 @!@!@
@!@!@STARTMSG 2217:4 @!@!@
29: <NewIter line 266, col 12 to line 271, col 73 of module Ass01>
/\ maxIter = 10
/\ processReady = 3
/\ nWorkers = 2
/\ bodies = << [pos |-> 1, vel |-> 2],
   [pos |-> 1, vel |-> 2],
   [pos |-> 1, vel |-> 2],
   [pos |-> 1, vel |-> 2] >>
/\ pc = [ master |-> "MainLoopMaster",
  worker1 |-> "UpdatedPos_W",
  worker2 |-> "UpdatedPos" ]
/\ allReady = TRUE
/\ updatedVelocity = 3
/\ allPositionsUpdated = TRUE
/\ body = [pos |-> 0, vel |-> 1]
/\ allVelocitiesUpdated = TRUE
/\ iter = 1
/\ updatedPosition = 3

@!@!@ENDMSG 2217 @!@!@
@!@!@STARTMSG 2217:4 @!@!@
30: <MainLoopMaster line 176, col 19 to line 183, col 59 of module Ass01>
/\ maxIter = 10
/\ processReady = 3
/\ nWorkers = 2
/\ bodies = << [pos |-> 1, vel |-> 2],
   [pos |-> 1, vel |-> 2],
   [pos |-> 1, vel |-> 2],
   [pos |-> 1, vel |-> 2] >>
/\ pc = [ master |-> "IncReadyToStart",
  worker1 |-> "UpdatedPos_W",
  worker2 |-> "UpdatedPos" ]
/\ allReady = TRUE
/\ updatedVelocity = 3
/\ allPositionsUpdated = TRUE
/\ body = [pos |-> 0, vel |-> 1]
/\ allVelocitiesUpdated = TRUE
/\ iter = 1
/\ updatedPosition = 3

@!@!@ENDMSG 2217 @!@!@
@!@!@STARTMSG 2217:4 @!@!@
31: <IncReadyToStart line 185, col 20 to line 190, col 81 of module Ass01>
/\ maxIter = 10
/\ processReady = 4
/\ nWorkers = 2
/\ bodies = << [pos |-> 1, vel |-> 2],
   [pos |-> 1, vel |-> 2],
   [pos |-> 1, vel |-> 2],
   [pos |-> 1, vel |-> 2] >>
/\ pc = [ master |-> "ReadyToStart",
  worker1 |-> "UpdatedPos_W",
  worker2 |-> "UpdatedPos" ]
/\ allReady = TRUE
/\ updatedVelocity = 3
/\ allPositionsUpdated = TRUE
/\ body = [pos |-> 0, vel |-> 1]
/\ allVelocitiesUpdated = TRUE
/\ iter = 1
/\ updatedPosition = 3

@!@!@ENDMSG 2217 @!@!@
@!@!@STARTMSG 2217:4 @!@!@
32: <ReadyToStart line 192, col 17 to line 201, col 78 of module Ass01>
/\ maxIter = 10
/\ processReady = 4
/\ nWorkers = 2
/\ bodies = << [pos |-> 1, vel |-> 2],
   [pos |-> 1, vel |-> 2],
   [pos |-> 1, vel |-> 2],
   [pos |-> 1, vel |-> 2] >>
/\ pc = [ master |-> "ResetPosBarrier",
  worker1 |-> "UpdatedPos_W",
  worker2 |-> "UpdatedPos" ]
/\ allReady = TRUE
/\ updatedVelocity = 3
/\ allPositionsUpdated = TRUE
/\ body = [pos |-> 0, vel |-> 1]
/\ allVelocitiesUpdated = TRUE
/\ iter = 1
/\ updatedPosition = 3

@!@!@ENDMSG 2217 @!@!@
@!@!@STARTMSG 2217:4 @!@!@
33: <ResetPosBarrier line 203, col 20 to line 209, col 60 of module Ass01>
/\ maxIter = 10
/\ processReady = 4
/\ nWorkers = 2
/\ bodies = << [pos |-> 1, vel |-> 2],
   [pos |-> 1, vel |-> 2],
   [pos |-> 1, vel |-> 2],
   [pos |-> 1, vel |-> 2] >>
/\ pc = [ master |-> "IncUpdatedVelocity",
  worker1 |-> "UpdatedPos_W",
  worker2 |-> "UpdatedPos" ]
/\ allReady = TRUE
/\ updatedVelocity = 3
/\ allPositionsUpdated = FALSE
/\ body = [pos |-> 0, vel |-> 1]
/\ allVelocitiesUpdated = TRUE
/\ iter = 1
/\ updatedPosition = 0

@!@!@ENDMSG 2217 @!@!@
@!@!@STARTMSG 2217:4 @!@!@
34: <IncUpdatedVelocity line 211, col 23 to line 217, col 47 of module Ass01>
/\ maxIter = 10
/\ processReady = 4
/\ nWorkers = 2
/\ bodies = << [pos |-> 1, vel |-> 2],
   [pos |-> 1, vel |-> 2],
   [pos |-> 1, vel |-> 2],
   [pos |-> 1, vel |-> 2] >>
/\ pc = [master |-> "UpdatedVel", worker1 |-> "UpdatedPos_W", worker2 |-> "UpdatedPos"]
/\ allReady = TRUE
/\ updatedVelocity = 4
/\ allPositionsUpdated = FALSE
/\ body = [pos |-> 0, vel |-> 1]
/\ allVelocitiesUpdated = TRUE
/\ iter = 1
/\ updatedPosition = 0

@!@!@ENDMSG 2217 @!@!@
@!@!@STARTMSG 2217:4 @!@!@
35: <UpdatedVel line 219, col 15 to line 228, col 76 of module Ass01>
/\ maxIter = 10
/\ processReady = 4
/\ nWorkers = 2
/\ bodies = << [pos |-> 1, vel |-> 2],
   [pos |-> 1, vel |-> 2],
   [pos |-> 1, vel |-> 2],
   [pos |-> 1, vel |-> 2] >>
/\ pc = [ master |-> "ResetReadyBarrier",
  worker1 |-> "UpdatedPos_W",
  worker2 |-> "UpdatedPos" ]
/\ allReady = TRUE
/\ updatedVelocity = 4
/\ allPositionsUpdated = FALSE
/\ body = [pos |-> 0, vel |-> 1]
/\ allVelocitiesUpdated = TRUE
/\ iter = 1
/\ updatedPosition = 0

@!@!@ENDMSG 2217 @!@!@
@!@!@STARTMSG 2217:4 @!@!@
36: <ResetReadyBarrier line 230, col 22 to line 237, col 46 of module Ass01>
/\ maxIter = 10
/\ processReady = 0
/\ nWorkers = 2
/\ bodies = << [pos |-> 1, vel |-> 2],
   [pos |-> 1, vel |-> 2],
   [pos |-> 1, vel |-> 2],
   [pos |-> 1, vel |-> 2] >>
/\ pc = [ master |-> "IncUpdatedPosition",
  worker1 |-> "UpdatedPos_W",
  worker2 |-> "UpdatedPos" ]
/\ allReady = FALSE
/\ updatedVelocity = 4
/\ allPositionsUpdated = FALSE
/\ body = [pos |-> 0, vel |-> 1]
/\ allVelocitiesUpdated = TRUE
/\ iter = 1
/\ updatedPosition = 0

@!@!@ENDMSG 2217 @!@!@
@!@!@STARTMSG 2217:4 @!@!@
37: <IncUpdatedPosition line 239, col 23 to line 245, col 47 of module Ass01>
/\ maxIter = 10
/\ processReady = 0
/\ nWorkers = 2
/\ bodies = << [pos |-> 1, vel |-> 2],
   [pos |-> 1, vel |-> 2],
   [pos |-> 1, vel |-> 2],
   [pos |-> 1, vel |-> 2] >>
/\ pc = [master |-> "UpdatedPos_", worker1 |-> "UpdatedPos_W", worker2 |-> "UpdatedPos"]
/\ allReady = FALSE
/\ updatedVelocity = 4
/\ allPositionsUpdated = FALSE
/\ body = [pos |-> 0, vel |-> 1]
/\ allVelocitiesUpdated = TRUE
/\ iter = 1
/\ updatedPosition = 1

@!@!@ENDMSG 2217 @!@!@
@!@!@STARTMSG 2201:0 @!@!@
The coverage statistics at 2022-03-30 10:01:22
@!@!@ENDMSG 2201 @!@!@
@!@!@STARTMSG 2773:0 @!@!@
<Init line 160, col 1 to line 160, col 4 of module Ass01>: 6:6
@!@!@ENDMSG 2773 @!@!@
@!@!@STARTMSG 2221:0 @!@!@
  line 164, col 12 to line 164, col 27 of module Ass01: 6
@!@!@ENDMSG 2221 @!@!@
@!@!@STARTMSG 2221:0 @!@!@
  line 166, col 12 to line 166, col 39 of module Ass01: 6
@!@!@ENDMSG 2221 @!@!@
@!@!@STARTMSG 2221:0 @!@!@
  line 168, col 12 to line 168, col 38 of module Ass01: 6
@!@!@ENDMSG 2221 @!@!@
@!@!@STARTMSG 2221:0 @!@!@
  line 170, col 12 to line 170, col 40 of module Ass01: 6
@!@!@ENDMSG 2221 @!@!@
@!@!@STARTMSG 2221:0 @!@!@
  line 171, col 12 to line 171, col 47 of module Ass01: 6
@!@!@ENDMSG 2221 @!@!@
@!@!@STARTMSG 2221:0 @!@!@
  line 172, col 12 to line 174, col 76 of module Ass01: 6
@!@!@ENDMSG 2221 @!@!@
@!@!@STARTMSG 2775:0 @!@!@
  |line 172, col 17 to line 174, col 76 of module Ass01: 6:18
@!@!@ENDMSG 2775 @!@!@
@!@!@STARTMSG 2221:0 @!@!@
  ||line 172, col 27 to line 172, col 33 of module Ass01: 6
@!@!@ENDMSG 2221 @!@!@
@!@!@STARTMSG 2772:0 @!@!@
<MainLoopMaster line 176, col 1 to line 176, col 14 of module Ass01>: 8:84
@!@!@ENDMSG 2772 @!@!@
@!@!@STARTMSG 2221:0 @!@!@
  line 176, col 22 to line 176, col 52 of module Ass01: 945
@!@!@ENDMSG 2221 @!@!@
@!@!@STARTMSG 2221:0 @!@!@
  |line 176, col 22 to line 176, col 33 of module Ass01: 861
@!@!@ENDMSG 2221 @!@!@
@!@!@STARTMSG 2221:0 @!@!@
  line 177, col 25 to line 177, col 38 of module Ass01: 84
@!@!@ENDMSG 2221 @!@!@
@!@!@STARTMSG 2221:0 @!@!@
  line 178, col 30 to line 178, col 81 of module Ass01: 84
@!@!@ENDMSG 2221 @!@!@
@!@!@STARTMSG 2221:0 @!@!@
  line 179, col 33 to line 179, col 70 of module Ass01: 0
@!@!@ENDMSG 2221 @!@!@
@!@!@STARTMSG 2221:0 @!@!@
  line 180, col 22 to line 183, col 59 of module Ass01: 84
@!@!@ENDMSG 2221 @!@!@
@!@!@STARTMSG 2772:0 @!@!@
<IncReadyToStart line 185, col 1 to line 185, col 15 of module Ass01>: 5:79
@!@!@ENDMSG 2772 @!@!@
@!@!@STARTMSG 2221:0 @!@!@
  line 185, col 23 to line 185, col 54 of module Ass01: 930
@!@!@ENDMSG 2221 @!@!@
@!@!@STARTMSG 2221:0 @!@!@
  |line 185, col 23 to line 185, col 34 of module Ass01: 851
@!@!@ENDMSG 2221 @!@!@
@!@!@STARTMSG 2221:0 @!@!@
  line 186, col 23 to line 186, col 54 of module Ass01: 79
@!@!@ENDMSG 2221 @!@!@
@!@!@STARTMSG 2221:0 @!@!@
  line 187, col 23 to line 187, col 68 of module Ass01: 79
@!@!@ENDMSG 2221 @!@!@
@!@!@STARTMSG 2221:0 @!@!@
  line 188, col 23 to line 190, col 81 of module Ass01: 79
@!@!@ENDMSG 2221 @!@!@
@!@!@STARTMSG 2772:0 @!@!@
<ReadyToStart line 192, col 1 to line 192, col 12 of module Ass01>: 9:93
@!@!@ENDMSG 2772 @!@!@
@!@!@STARTMSG 2221:0 @!@!@
  line 192, col 20 to line 192, col 48 of module Ass01: 934
@!@!@ENDMSG 2221 @!@!@
@!@!@STARTMSG 2221:0 @!@!@
  |line 192, col 20 to line 192, col 31 of module Ass01: 841
@!@!@ENDMSG 2221 @!@!@
@!@!@STARTMSG 2221:0 @!@!@
  line 193, col 23 to line 193, col 38 of module Ass01: 121
@!@!@ENDMSG 2221 @!@!@
@!@!@STARTMSG 2221:0 @!@!@
  line 194, col 28 to line 195, col 82 of module Ass01: 35
@!@!@ENDMSG 2221 @!@!@
@!@!@STARTMSG 2221:0 @!@!@
  line 196, col 31 to line 196, col 38 of module Ass01: 58
@!@!@ENDMSG 2221 @!@!@
@!@!@STARTMSG 2221:0 @!@!@
  line 197, col 31 to line 197, col 79 of module Ass01: 58
@!@!@ENDMSG 2221 @!@!@
@!@!@STARTMSG 2221:0 @!@!@
  line 198, col 31 to line 198, col 48 of module Ass01: 58
@!@!@ENDMSG 2221 @!@!@
@!@!@STARTMSG 2221:0 @!@!@
  line 199, col 20 to line 201, col 78 of module Ass01: 93
@!@!@ENDMSG 2221 @!@!@
@!@!@STARTMSG 2772:0 @!@!@
<ResetPosBarrier line 203, col 1 to line 203, col 15 of module Ass01>: 6:50
@!@!@ENDMSG 2772 @!@!@
@!@!@STARTMSG 2221:0 @!@!@
  line 203, col 23 to line 203, col 54 of module Ass01: 881
@!@!@ENDMSG 2221 @!@!@
@!@!@STARTMSG 2221:0 @!@!@
  |line 203, col 23 to line 203, col 34 of module Ass01: 831
@!@!@ENDMSG 2221 @!@!@
@!@!@STARTMSG 2221:0 @!@!@
  line 204, col 23 to line 204, col 50 of module Ass01: 50
@!@!@ENDMSG 2221 @!@!@
@!@!@STARTMSG 2221:0 @!@!@
  line 205, col 23 to line 205, col 42 of module Ass01: 50
@!@!@ENDMSG 2221 @!@!@
@!@!@STARTMSG 2221:0 @!@!@
  line 206, col 23 to line 206, col 74 of module Ass01: 50
@!@!@ENDMSG 2221 @!@!@
@!@!@STARTMSG 2221:0 @!@!@
  line 207, col 23 to line 209, col 60 of module Ass01: 50
@!@!@ENDMSG 2221 @!@!@
@!@!@STARTMSG 2772:0 @!@!@
<IncUpdatedVelocity line 211, col 1 to line 211, col 18 of module Ass01>: 13:71
@!@!@ENDMSG 2772 @!@!@
@!@!@STARTMSG 2221:0 @!@!@
  line 211, col 26 to line 211, col 60 of module Ass01: 897
@!@!@ENDMSG 2221 @!@!@
@!@!@STARTMSG 2221:0 @!@!@
  |line 211, col 26 to line 211, col 37 of module Ass01: 826
@!@!@ENDMSG 2221 @!@!@
@!@!@STARTMSG 2221:0 @!@!@
  line 212, col 26 to line 212, col 63 of module Ass01: 71
@!@!@ENDMSG 2221 @!@!@
@!@!@STARTMSG 2221:0 @!@!@
  line 213, col 26 to line 213, col 69 of module Ass01: 71
@!@!@ENDMSG 2221 @!@!@
@!@!@STARTMSG 2221:0 @!@!@
  line 214, col 26 to line 217, col 47 of module Ass01: 71
@!@!@ENDMSG 2221 @!@!@
@!@!@STARTMSG 2772:0 @!@!@
<UpdatedVel line 219, col 1 to line 219, col 10 of module Ass01>: 12:62
@!@!@ENDMSG 2772 @!@!@
@!@!@STARTMSG 2221:0 @!@!@
  line 219, col 18 to line 219, col 44 of module Ass01: 878
@!@!@ENDMSG 2221 @!@!@
@!@!@STARTMSG 2221:0 @!@!@
  |line 219, col 18 to line 219, col 29 of module Ass01: 816
@!@!@ENDMSG 2221 @!@!@
@!@!@STARTMSG 2221:0 @!@!@
  line 220, col 21 to line 220, col 39 of module Ass01: 121
@!@!@ENDMSG 2221 @!@!@
@!@!@STARTMSG 2221:0 @!@!@
  line 221, col 26 to line 222, col 80 of module Ass01: 30
@!@!@ENDMSG 2221 @!@!@
@!@!@STARTMSG 2221:0 @!@!@
  line 223, col 29 to line 223, col 48 of module Ass01: 32
@!@!@ENDMSG 2221 @!@!@
@!@!@STARTMSG 2221:0 @!@!@
  line 224, col 29 to line 224, col 79 of module Ass01: 32
@!@!@ENDMSG 2221 @!@!@
@!@!@STARTMSG 2221:0 @!@!@
  line 225, col 29 to line 225, col 58 of module Ass01: 32
@!@!@ENDMSG 2221 @!@!@
@!@!@STARTMSG 2221:0 @!@!@
  line 226, col 18 to line 228, col 76 of module Ass01: 62
@!@!@ENDMSG 2221 @!@!@
@!@!@STARTMSG 2772:0 @!@!@
<ResetReadyBarrier line 230, col 1 to line 230, col 17 of module Ass01>: 17:26
@!@!@ENDMSG 2772 @!@!@
@!@!@STARTMSG 2221:0 @!@!@
  line 230, col 25 to line 230, col 58 of module Ass01: 832
@!@!@ENDMSG 2221 @!@!@
@!@!@STARTMSG 2221:0 @!@!@
  |line 230, col 25 to line 230, col 36 of module Ass01: 806
@!@!@ENDMSG 2221 @!@!@
@!@!@STARTMSG 2221:0 @!@!@
  line 231, col 25 to line 231, col 41 of module Ass01: 26
@!@!@ENDMSG 2221 @!@!@
@!@!@STARTMSG 2221:0 @!@!@
  line 232, col 25 to line 232, col 41 of module Ass01: 26
@!@!@ENDMSG 2221 @!@!@
@!@!@STARTMSG 2221:0 @!@!@
  line 233, col 25 to line 233, col 76 of module Ass01: 26
@!@!@ENDMSG 2221 @!@!@
@!@!@STARTMSG 2221:0 @!@!@
  line 234, col 25 to line 237, col 46 of module Ass01: 26
@!@!@ENDMSG 2221 @!@!@
@!@!@STARTMSG 2772:0 @!@!@
<IncUpdatedPosition line 239, col 1 to line 239, col 18 of module Ass01>: 12:55
@!@!@ENDMSG 2772 @!@!@
@!@!@STARTMSG 2221:0 @!@!@
  line 239, col 26 to line 239, col 60 of module Ass01: 856
@!@!@ENDMSG 2221 @!@!@
@!@!@STARTMSG 2221:0 @!@!@
  |line 239, col 26 to line 239, col 37 of module Ass01: 801
@!@!@ENDMSG 2221 @!@!@
@!@!@STARTMSG 2221:0 @!@!@
  line 240, col 26 to line 240, col 63 of module Ass01: 55
@!@!@ENDMSG 2221 @!@!@
@!@!@STARTMSG 2221:0 @!@!@
  line 241, col 26 to line 241, col 70 of module Ass01: 55
@!@!@ENDMSG 2221 @!@!@
@!@!@STARTMSG 2221:0 @!@!@
  line 242, col 26 to line 245, col 47 of module Ass01: 55
@!@!@ENDMSG 2221 @!@!@
@!@!@STARTMSG 2772:0 @!@!@
<UpdatedPos_ line 247, col 1 to line 247, col 11 of module Ass01>: 3:92
@!@!@ENDMSG 2772 @!@!@
@!@!@STARTMSG 2221:0 @!@!@
  line 247, col 19 to line 247, col 46 of module Ass01: 883
@!@!@ENDMSG 2221 @!@!@
@!@!@STARTMSG 2221:0 @!@!@
  |line 247, col 19 to line 247, col 30 of module Ass01: 791
@!@!@ENDMSG 2221 @!@!@
@!@!@STARTMSG 2221:0 @!@!@
  line 248, col 22 to line 248, col 40 of module Ass01: 169
@!@!@ENDMSG 2221 @!@!@
@!@!@STARTMSG 2221:0 @!@!@
  line 249, col 27 to line 250, col 70 of module Ass01: 89
@!@!@ENDMSG 2221 @!@!@
@!@!@STARTMSG 2221:0 @!@!@
  line 251, col 30 to line 251, col 48 of module Ass01: 3
@!@!@ENDMSG 2221 @!@!@
@!@!@STARTMSG 2221:0 @!@!@
  line 252, col 30 to line 252, col 78 of module Ass01: 3
@!@!@ENDMSG 2221 @!@!@
@!@!@STARTMSG 2221:0 @!@!@
  line 253, col 30 to line 253, col 58 of module Ass01: 3
@!@!@ENDMSG 2221 @!@!@
@!@!@STARTMSG 2221:0 @!@!@
  line 254, col 19 to line 256, col 73 of module Ass01: 92
@!@!@ENDMSG 2221 @!@!@
@!@!@STARTMSG 2772:0 @!@!@
<ResetVelBarrier line 258, col 1 to line 258, col 15 of module Ass01>: 1:1
@!@!@ENDMSG 2772 @!@!@
@!@!@STARTMSG 2221:0 @!@!@
  line 258, col 23 to line 258, col 54 of module Ass01: 787
@!@!@ENDMSG 2221 @!@!@
@!@!@STARTMSG 2221:0 @!@!@
  |line 258, col 23 to line 258, col 34 of module Ass01: 786
@!@!@ENDMSG 2221 @!@!@
@!@!@STARTMSG 2221:0 @!@!@
  line 259, col 23 to line 259, col 51 of module Ass01: 1
@!@!@ENDMSG 2221 @!@!@
@!@!@STARTMSG 2221:0 @!@!@
  line 260, col 23 to line 260, col 42 of module Ass01: 1
@!@!@ENDMSG 2221 @!@!@
@!@!@STARTMSG 2221:0 @!@!@
  line 261, col 23 to line 261, col 63 of module Ass01: 1
@!@!@ENDMSG 2221 @!@!@
@!@!@STARTMSG 2221:0 @!@!@
  line 262, col 23 to line 264, col 60 of module Ass01: 1
@!@!@ENDMSG 2221 @!@!@
@!@!@STARTMSG 2772:0 @!@!@
<NewIter line 266, col 1 to line 266, col 7 of module Ass01>: 12:84
@!@!@ENDMSG 2772 @!@!@
@!@!@STARTMSG 2221:0 @!@!@
  line 266, col 15 to line 266, col 38 of module Ass01: 870
@!@!@ENDMSG 2221 @!@!@
@!@!@STARTMSG 2221:0 @!@!@
  |line 266, col 15 to line 266, col 26 of module Ass01: 786
@!@!@ENDMSG 2221 @!@!@
@!@!@STARTMSG 2221:0 @!@!@
  line 267, col 15 to line 267, col 30 of module Ass01: 84
@!@!@ENDMSG 2221 @!@!@
@!@!@STARTMSG 2221:0 @!@!@
  line 268, col 15 to line 268, col 62 of module Ass01: 84
@!@!@ENDMSG 2221 @!@!@
@!@!@STARTMSG 2221:0 @!@!@
  line 269, col 15 to line 271, col 73 of module Ass01: 84
@!@!@ENDMSG 2221 @!@!@
@!@!@STARTMSG 2772:0 @!@!@
<MainLoopW1 line 278, col 1 to line 278, col 10 of module Ass01>: 27:104
@!@!@ENDMSG 2772 @!@!@
@!@!@STARTMSG 2221:0 @!@!@
  line 278, col 18 to line 278, col 45 of module Ass01: 885
@!@!@ENDMSG 2221 @!@!@
@!@!@STARTMSG 2221:0 @!@!@
  |line 278, col 18 to line 278, col 30 of module Ass01: 781
@!@!@ENDMSG 2221 @!@!@
@!@!@STARTMSG 2221:0 @!@!@
  line 279, col 21 to line 279, col 34 of module Ass01: 104
@!@!@ENDMSG 2221 @!@!@
@!@!@STARTMSG 2221:0 @!@!@
  line 280, col 26 to line 280, col 80 of module Ass01: 104
@!@!@ENDMSG 2221 @!@!@
@!@!@STARTMSG 2221:0 @!@!@
  line 281, col 29 to line 281, col 67 of module Ass01: 0
@!@!@ENDMSG 2221 @!@!@
@!@!@STARTMSG 2221:0 @!@!@
  line 282, col 18 to line 285, col 45 of module Ass01: 104
@!@!@ENDMSG 2221 @!@!@
@!@!@STARTMSG 2772:0 @!@!@
<IncReadyToStartW1 line 287, col 1 to line 287, col 17 of module Ass01>: 31:89
@!@!@ENDMSG 2772 @!@!@
@!@!@STARTMSG 2221:0 @!@!@
  line 287, col 25 to line 287, col 59 of module Ass01: 863
@!@!@ENDMSG 2221 @!@!@
@!@!@STARTMSG 2221:0 @!@!@
  |line 287, col 25 to line 287, col 37 of module Ass01: 774
@!@!@ENDMSG 2221 @!@!@
@!@!@STARTMSG 2221:0 @!@!@
  line 288, col 25 to line 288, col 56 of module Ass01: 89
@!@!@ENDMSG 2221 @!@!@
@!@!@STARTMSG 2221:0 @!@!@
  line 289, col 25 to line 289, col 73 of module Ass01: 89
@!@!@ENDMSG 2221 @!@!@
@!@!@STARTMSG 2221:0 @!@!@
  line 290, col 25 to line 293, col 46 of module Ass01: 89
@!@!@ENDMSG 2221 @!@!@
@!@!@STARTMSG 2772:0 @!@!@
<ReadyToStartW1 line 295, col 1 to line 295, col 14 of module Ass01>: 25:80
@!@!@ENDMSG 2772 @!@!@
@!@!@STARTMSG 2221:0 @!@!@
  line 295, col 22 to line 295, col 53 of module Ass01: 847
@!@!@ENDMSG 2221 @!@!@
@!@!@STARTMSG 2221:0 @!@!@
  |line 295, col 22 to line 295, col 34 of module Ass01: 767
@!@!@ENDMSG 2221 @!@!@
@!@!@STARTMSG 2221:0 @!@!@
  line 296, col 25 to line 296, col 40 of module Ass01: 99
@!@!@ENDMSG 2221 @!@!@
@!@!@STARTMSG 2221:0 @!@!@
  line 297, col 30 to line 297, col 48 of module Ass01: 20
@!@!@ENDMSG 2221 @!@!@
@!@!@STARTMSG 2221:0 @!@!@
  line 298, col 33 to line 298, col 40 of module Ass01: 60
@!@!@ENDMSG 2221 @!@!@
@!@!@STARTMSG 2221:0 @!@!@
  line 299, col 33 to line 299, col 50 of module Ass01: 60
@!@!@ENDMSG 2221 @!@!@
@!@!@STARTMSG 2221:0 @!@!@
  line 300, col 22 to line 300, col 64 of module Ass01: 80
@!@!@ENDMSG 2221 @!@!@
@!@!@STARTMSG 2221:0 @!@!@
  line 301, col 22 to line 303, col 80 of module Ass01: 80
@!@!@ENDMSG 2221 @!@!@
@!@!@STARTMSG 2772:0 @!@!@
<UpdVelB1 line 305, col 1 to line 305, col 8 of module Ass01>: 26:92
@!@!@ENDMSG 2772 @!@!@
@!@!@STARTMSG 2221:0 @!@!@
  line 305, col 16 to line 305, col 41 of module Ass01: 854
@!@!@ENDMSG 2221 @!@!@
@!@!@STARTMSG 2221:0 @!@!@
  |line 305, col 16 to line 305, col 28 of module Ass01: 762
@!@!@ENDMSG 2221 @!@!@
@!@!@STARTMSG 2221:0 @!@!@
  line 306, col 16 to line 306, col 69 of module Ass01: 92
@!@!@ENDMSG 2221 @!@!@
@!@!@STARTMSG 2221:0 @!@!@
  line 307, col 16 to line 307, col 58 of module Ass01: 92
@!@!@ENDMSG 2221 @!@!@
@!@!@STARTMSG 2221:0 @!@!@
  line 308, col 16 to line 311, col 35 of module Ass01: 92
@!@!@ENDMSG 2221 @!@!@
@!@!@STARTMSG 2772:0 @!@!@
<UpdVelB2 line 313, col 1 to line 313, col 8 of module Ass01>: 30:62
@!@!@ENDMSG 2772 @!@!@
@!@!@STARTMSG 2221:0 @!@!@
  line 313, col 16 to line 313, col 41 of module Ass01: 819
@!@!@ENDMSG 2221 @!@!@
@!@!@STARTMSG 2221:0 @!@!@
  |line 313, col 16 to line 313, col 28 of module Ass01: 757
@!@!@ENDMSG 2221 @!@!@
@!@!@STARTMSG 2221:0 @!@!@
  line 314, col 16 to line 314, col 69 of module Ass01: 62
@!@!@ENDMSG 2221 @!@!@
@!@!@STARTMSG 2221:0 @!@!@
  line 315, col 16 to line 315, col 65 of module Ass01: 62
@!@!@ENDMSG 2221 @!@!@
@!@!@STARTMSG 2221:0 @!@!@
  line 316, col 16 to line 319, col 35 of module Ass01: 62
@!@!@ENDMSG 2221 @!@!@
@!@!@STARTMSG 2772:0 @!@!@
<IncUpdatedVelw1 line 321, col 1 to line 321, col 15 of module Ass01>: 25:53
@!@!@ENDMSG 2772 @!@!@
@!@!@STARTMSG 2221:0 @!@!@
  line 321, col 23 to line 321, col 55 of module Ass01: 805
@!@!@ENDMSG 2221 @!@!@
@!@!@STARTMSG 2221:0 @!@!@
  |line 321, col 23 to line 321, col 35 of module Ass01: 752
@!@!@ENDMSG 2221 @!@!@
@!@!@STARTMSG 2221:0 @!@!@
  line 322, col 23 to line 322, col 60 of module Ass01: 53
@!@!@ENDMSG 2221 @!@!@
@!@!@STARTMSG 2221:0 @!@!@
  line 323, col 23 to line 323, col 69 of module Ass01: 53
@!@!@ENDMSG 2221 @!@!@
@!@!@STARTMSG 2221:0 @!@!@
  line 324, col 23 to line 326, col 81 of module Ass01: 53
@!@!@ENDMSG 2221 @!@!@
@!@!@STARTMSG 2772:0 @!@!@
<UpdatedVelW1 line 328, col 1 to line 328, col 12 of module Ass01>: 20:45
@!@!@ENDMSG 2772 @!@!@
@!@!@STARTMSG 2221:0 @!@!@
  line 328, col 20 to line 328, col 49 of module Ass01: 792
@!@!@ENDMSG 2221 @!@!@
@!@!@STARTMSG 2221:0 @!@!@
  |line 328, col 20 to line 328, col 32 of module Ass01: 747
@!@!@ENDMSG 2221 @!@!@
@!@!@STARTMSG 2221:0 @!@!@
  line 329, col 23 to line 329, col 41 of module Ass01: 59
@!@!@ENDMSG 2221 @!@!@
@!@!@STARTMSG 2221:0 @!@!@
  line 330, col 28 to line 330, col 58 of module Ass01: 20
@!@!@ENDMSG 2221 @!@!@
@!@!@STARTMSG 2221:0 @!@!@
  line 331, col 31 to line 331, col 50 of module Ass01: 25
@!@!@ENDMSG 2221 @!@!@
@!@!@STARTMSG 2221:0 @!@!@
  line 332, col 31 to line 332, col 60 of module Ass01: 25
@!@!@ENDMSG 2221 @!@!@
@!@!@STARTMSG 2221:0 @!@!@
  line 333, col 20 to line 333, col 62 of module Ass01: 45
@!@!@ENDMSG 2221 @!@!@
@!@!@STARTMSG 2221:0 @!@!@
  line 334, col 20 to line 336, col 78 of module Ass01: 45
@!@!@ENDMSG 2221 @!@!@
@!@!@STARTMSG 2772:0 @!@!@
<UpdPosB1 line 338, col 1 to line 338, col 8 of module Ass01>: 19:38
@!@!@ENDMSG 2772 @!@!@
@!@!@STARTMSG 2221:0 @!@!@
  line 338, col 16 to line 338, col 41 of module Ass01: 780
@!@!@ENDMSG 2221 @!@!@
@!@!@STARTMSG 2221:0 @!@!@
  |line 338, col 16 to line 338, col 28 of module Ass01: 742
@!@!@ENDMSG 2221 @!@!@
@!@!@STARTMSG 2221:0 @!@!@
  line 339, col 16 to line 339, col 69 of module Ass01: 38
@!@!@ENDMSG 2221 @!@!@
@!@!@STARTMSG 2221:0 @!@!@
  line 340, col 16 to line 340, col 58 of module Ass01: 38
@!@!@ENDMSG 2221 @!@!@
@!@!@STARTMSG 2221:0 @!@!@
  line 341, col 16 to line 344, col 35 of module Ass01: 38
@!@!@ENDMSG 2221 @!@!@
@!@!@STARTMSG 2772:0 @!@!@
<UpdPosB2 line 346, col 1 to line 346, col 8 of module Ass01>: 14:31
@!@!@ENDMSG 2772 @!@!@
@!@!@STARTMSG 2221:0 @!@!@
  line 346, col 16 to line 346, col 41 of module Ass01: 768
@!@!@ENDMSG 2221 @!@!@
@!@!@STARTMSG 2221:0 @!@!@
  |line 346, col 16 to line 346, col 28 of module Ass01: 737
@!@!@ENDMSG 2221 @!@!@
@!@!@STARTMSG 2221:0 @!@!@
  line 347, col 16 to line 347, col 69 of module Ass01: 31
@!@!@ENDMSG 2221 @!@!@
@!@!@STARTMSG 2221:0 @!@!@
  line 348, col 16 to line 348, col 65 of module Ass01: 31
@!@!@ENDMSG 2221 @!@!@
@!@!@STARTMSG 2221:0 @!@!@
  line 349, col 16 to line 352, col 35 of module Ass01: 31
@!@!@ENDMSG 2221 @!@!@
@!@!@STARTMSG 2772:0 @!@!@
<IncUpdatedPosW1 line 354, col 1 to line 354, col 15 of module Ass01>: 15:31
@!@!@ENDMSG 2772 @!@!@
@!@!@STARTMSG 2221:0 @!@!@
  line 354, col 23 to line 354, col 55 of module Ass01: 763
@!@!@ENDMSG 2221 @!@!@
@!@!@STARTMSG 2221:0 @!@!@
  |line 354, col 23 to line 354, col 35 of module Ass01: 732
@!@!@ENDMSG 2221 @!@!@
@!@!@STARTMSG 2221:0 @!@!@
  line 355, col 23 to line 355, col 60 of module Ass01: 31
@!@!@ENDMSG 2221 @!@!@
@!@!@STARTMSG 2221:0 @!@!@
  line 356, col 23 to line 356, col 69 of module Ass01: 31
@!@!@ENDMSG 2221 @!@!@
@!@!@STARTMSG 2221:0 @!@!@
  line 357, col 23 to line 359, col 81 of module Ass01: 31
@!@!@ENDMSG 2221 @!@!@
@!@!@STARTMSG 2772:0 @!@!@
<UpdatedPos_W line 361, col 1 to line 361, col 12 of module Ass01>: 7:65
@!@!@ENDMSG 2772 @!@!@
@!@!@STARTMSG 2221:0 @!@!@
  line 361, col 20 to line 361, col 49 of module Ass01: 792
@!@!@ENDMSG 2221 @!@!@
@!@!@STARTMSG 2221:0 @!@!@
  |line 361, col 20 to line 361, col 32 of module Ass01: 727
@!@!@ENDMSG 2221 @!@!@
@!@!@STARTMSG 2221:0 @!@!@
  line 362, col 23 to line 362, col 41 of module Ass01: 123
@!@!@ENDMSG 2221 @!@!@
@!@!@STARTMSG 2221:0 @!@!@
  line 363, col 28 to line 363, col 57 of module Ass01: 61
@!@!@ENDMSG 2221 @!@!@
@!@!@STARTMSG 2221:0 @!@!@
  line 364, col 31 to line 364, col 49 of module Ass01: 4
@!@!@ENDMSG 2221 @!@!@
@!@!@STARTMSG 2221:0 @!@!@
  line 365, col 31 to line 365, col 59 of module Ass01: 4
@!@!@ENDMSG 2221 @!@!@
@!@!@STARTMSG 2221:0 @!@!@
  line 366, col 20 to line 366, col 64 of module Ass01: 65
@!@!@ENDMSG 2221 @!@!@
@!@!@STARTMSG 2221:0 @!@!@
  line 367, col 20 to line 369, col 74 of module Ass01: 65
@!@!@ENDMSG 2221 @!@!@
@!@!@STARTMSG 2772:0 @!@!@
<MainLoopW2 line 375, col 1 to line 375, col 10 of module Ass01>: 58:100
@!@!@ENDMSG 2772 @!@!@
@!@!@STARTMSG 2221:0 @!@!@
  line 375, col 18 to line 375, col 45 of module Ass01: 825
@!@!@ENDMSG 2221 @!@!@
@!@!@STARTMSG 2221:0 @!@!@
  |line 375, col 18 to line 375, col 30 of module Ass01: 725
@!@!@ENDMSG 2221 @!@!@
@!@!@STARTMSG 2221:0 @!@!@
  line 376, col 21 to line 376, col 34 of module Ass01: 100
@!@!@ENDMSG 2221 @!@!@
@!@!@STARTMSG 2221:0 @!@!@
  line 377, col 26 to line 377, col 80 of module Ass01: 100
@!@!@ENDMSG 2221 @!@!@
@!@!@STARTMSG 2221:0 @!@!@
  line 378, col 29 to line 378, col 67 of module Ass01: 0
@!@!@ENDMSG 2221 @!@!@
@!@!@STARTMSG 2221:0 @!@!@
  line 379, col 18 to line 382, col 45 of module Ass01: 100
@!@!@ENDMSG 2221 @!@!@
@!@!@STARTMSG 2772:0 @!@!@
<IncReadyToStartW2 line 384, col 1 to line 384, col 17 of module Ass01>: 67:89
@!@!@ENDMSG 2772 @!@!@
@!@!@STARTMSG 2221:0 @!@!@
  line 384, col 25 to line 384, col 59 of module Ass01: 808
@!@!@ENDMSG 2221 @!@!@
@!@!@STARTMSG 2221:0 @!@!@
  |line 384, col 25 to line 384, col 37 of module Ass01: 719
@!@!@ENDMSG 2221 @!@!@
@!@!@STARTMSG 2221:0 @!@!@
  line 385, col 25 to line 385, col 56 of module Ass01: 89
@!@!@ENDMSG 2221 @!@!@
@!@!@STARTMSG 2221:0 @!@!@
  line 386, col 25 to line 386, col 73 of module Ass01: 89
@!@!@ENDMSG 2221 @!@!@
@!@!@STARTMSG 2221:0 @!@!@
  line 387, col 25 to line 390, col 46 of module Ass01: 89
@!@!@ENDMSG 2221 @!@!@
@!@!@STARTMSG 2772:0 @!@!@
<ReadyToStartW2 line 392, col 1 to line 392, col 14 of module Ass01>: 57:80
@!@!@ENDMSG 2772 @!@!@
@!@!@STARTMSG 2221:0 @!@!@
  line 392, col 22 to line 392, col 53 of module Ass01: 793
@!@!@ENDMSG 2221 @!@!@
@!@!@STARTMSG 2221:0 @!@!@
  |line 392, col 22 to line 392, col 34 of module Ass01: 713
@!@!@ENDMSG 2221 @!@!@
@!@!@STARTMSG 2221:0 @!@!@
  line 393, col 25 to line 393, col 40 of module Ass01: 93
@!@!@ENDMSG 2221 @!@!@
@!@!@STARTMSG 2221:0 @!@!@
  line 394, col 30 to line 394, col 48 of module Ass01: 20
@!@!@ENDMSG 2221 @!@!@
@!@!@STARTMSG 2221:0 @!@!@
  line 395, col 33 to line 395, col 40 of module Ass01: 60
@!@!@ENDMSG 2221 @!@!@
@!@!@STARTMSG 2221:0 @!@!@
  line 396, col 33 to line 396, col 50 of module Ass01: 60
@!@!@ENDMSG 2221 @!@!@
@!@!@STARTMSG 2221:0 @!@!@
  line 397, col 22 to line 397, col 64 of module Ass01: 80
@!@!@ENDMSG 2221 @!@!@
@!@!@STARTMSG 2221:0 @!@!@
  line 398, col 22 to line 400, col 80 of module Ass01: 80
@!@!@ENDMSG 2221 @!@!@
@!@!@STARTMSG 2772:0 @!@!@
<UpdVelB3 line 402, col 1 to line 402, col 8 of module Ass01>: 53:71
@!@!@ENDMSG 2772 @!@!@
@!@!@STARTMSG 2221:0 @!@!@
  line 402, col 16 to line 402, col 41 of module Ass01: 779
@!@!@ENDMSG 2221 @!@!@
@!@!@STARTMSG 2221:0 @!@!@
  |line 402, col 16 to line 402, col 28 of module Ass01: 708
@!@!@ENDMSG 2221 @!@!@
@!@!@STARTMSG 2221:0 @!@!@
  line 403, col 16 to line 403, col 69 of module Ass01: 71
@!@!@ENDMSG 2221 @!@!@
@!@!@STARTMSG 2221:0 @!@!@
  line 404, col 16 to line 404, col 58 of module Ass01: 71
@!@!@ENDMSG 2221 @!@!@
@!@!@STARTMSG 2221:0 @!@!@
  line 405, col 16 to line 408, col 35 of module Ass01: 71
@!@!@ENDMSG 2221 @!@!@
@!@!@STARTMSG 2772:0 @!@!@
<UpdVelB4 line 410, col 1 to line 410, col 8 of module Ass01>: 47:61
@!@!@ENDMSG 2772 @!@!@
@!@!@STARTMSG 2221:0 @!@!@
  line 410, col 16 to line 410, col 41 of module Ass01: 764
@!@!@ENDMSG 2221 @!@!@
@!@!@STARTMSG 2221:0 @!@!@
  |line 410, col 16 to line 410, col 28 of module Ass01: 703
@!@!@ENDMSG 2221 @!@!@
@!@!@STARTMSG 2221:0 @!@!@
  line 411, col 16 to line 411, col 69 of module Ass01: 61
@!@!@ENDMSG 2221 @!@!@
@!@!@STARTMSG 2221:0 @!@!@
  line 412, col 16 to line 412, col 65 of module Ass01: 61
@!@!@ENDMSG 2221 @!@!@
@!@!@STARTMSG 2221:0 @!@!@
  line 413, col 16 to line 416, col 35 of module Ass01: 61
@!@!@ENDMSG 2221 @!@!@
@!@!@STARTMSG 2772:0 @!@!@
<IncUpdatedVelw2 line 418, col 1 to line 418, col 15 of module Ass01>: 40:52
@!@!@ENDMSG 2772 @!@!@
@!@!@STARTMSG 2221:0 @!@!@
  line 418, col 23 to line 418, col 55 of module Ass01: 750
@!@!@ENDMSG 2221 @!@!@
@!@!@STARTMSG 2221:0 @!@!@
  |line 418, col 23 to line 418, col 35 of module Ass01: 698
@!@!@ENDMSG 2221 @!@!@
@!@!@STARTMSG 2221:0 @!@!@
  line 419, col 23 to line 419, col 60 of module Ass01: 52
@!@!@ENDMSG 2221 @!@!@
@!@!@STARTMSG 2221:0 @!@!@
  line 420, col 23 to line 420, col 69 of module Ass01: 52
@!@!@ENDMSG 2221 @!@!@
@!@!@STARTMSG 2221:0 @!@!@
  line 421, col 23 to line 423, col 81 of module Ass01: 52
@!@!@ENDMSG 2221 @!@!@
@!@!@STARTMSG 2772:0 @!@!@
<UpdatedVelW2 line 425, col 1 to line 425, col 12 of module Ass01>: 31:44
@!@!@ENDMSG 2772 @!@!@
@!@!@STARTMSG 2221:0 @!@!@
  line 425, col 20 to line 425, col 49 of module Ass01: 737
@!@!@ENDMSG 2221 @!@!@
@!@!@STARTMSG 2221:0 @!@!@
  |line 425, col 20 to line 425, col 32 of module Ass01: 693
@!@!@ENDMSG 2221 @!@!@
@!@!@STARTMSG 2221:0 @!@!@
  line 426, col 23 to line 426, col 41 of module Ass01: 58
@!@!@ENDMSG 2221 @!@!@
@!@!@STARTMSG 2221:0 @!@!@
  line 427, col 28 to line 427, col 58 of module Ass01: 20
@!@!@ENDMSG 2221 @!@!@
@!@!@STARTMSG 2221:0 @!@!@
  line 428, col 31 to line 428, col 50 of module Ass01: 24
@!@!@ENDMSG 2221 @!@!@
@!@!@STARTMSG 2221:0 @!@!@
  line 429, col 31 to line 429, col 60 of module Ass01: 24
@!@!@ENDMSG 2221 @!@!@
@!@!@STARTMSG 2221:0 @!@!@
  line 430, col 20 to line 430, col 62 of module Ass01: 44
@!@!@ENDMSG 2221 @!@!@
@!@!@STARTMSG 2221:0 @!@!@
  line 431, col 20 to line 433, col 78 of module Ass01: 44
@!@!@ENDMSG 2221 @!@!@
@!@!@STARTMSG 2772:0 @!@!@
<UpdPosB3 line 435, col 1 to line 435, col 8 of module Ass01>: 27:35
@!@!@ENDMSG 2772 @!@!@
@!@!@STARTMSG 2221:0 @!@!@
  line 435, col 16 to line 435, col 41 of module Ass01: 723
@!@!@ENDMSG 2221 @!@!@
@!@!@STARTMSG 2221:0 @!@!@
  |line 435, col 16 to line 435, col 28 of module Ass01: 688
@!@!@ENDMSG 2221 @!@!@
@!@!@STARTMSG 2221:0 @!@!@
  line 436, col 16 to line 436, col 69 of module Ass01: 35
@!@!@ENDMSG 2221 @!@!@
@!@!@STARTMSG 2221:0 @!@!@
  line 437, col 16 to line 437, col 58 of module Ass01: 35
@!@!@ENDMSG 2221 @!@!@
@!@!@STARTMSG 2221:0 @!@!@
  line 438, col 16 to line 441, col 35 of module Ass01: 35
@!@!@ENDMSG 2221 @!@!@
@!@!@STARTMSG 2772:0 @!@!@
<UpdPosB4 line 443, col 1 to line 443, col 8 of module Ass01>: 21:29
@!@!@ENDMSG 2772 @!@!@
@!@!@STARTMSG 2221:0 @!@!@
  line 443, col 16 to line 443, col 41 of module Ass01: 712
@!@!@ENDMSG 2221 @!@!@
@!@!@STARTMSG 2221:0 @!@!@
  |line 443, col 16 to line 443, col 28 of module Ass01: 683
@!@!@ENDMSG 2221 @!@!@
@!@!@STARTMSG 2221:0 @!@!@
  line 444, col 16 to line 444, col 69 of module Ass01: 29
@!@!@ENDMSG 2221 @!@!@
@!@!@STARTMSG 2221:0 @!@!@
  line 445, col 16 to line 445, col 65 of module Ass01: 29
@!@!@ENDMSG 2221 @!@!@
@!@!@STARTMSG 2221:0 @!@!@
  line 446, col 16 to line 449, col 35 of module Ass01: 29
@!@!@ENDMSG 2221 @!@!@
@!@!@STARTMSG 2772:0 @!@!@
<IncUpdatedPosW2 line 451, col 1 to line 451, col 15 of module Ass01>: 15:24
@!@!@ENDMSG 2772 @!@!@
@!@!@STARTMSG 2221:0 @!@!@
  line 451, col 23 to line 451, col 55 of module Ass01: 702
@!@!@ENDMSG 2221 @!@!@
@!@!@STARTMSG 2221:0 @!@!@
  |line 451, col 23 to line 451, col 35 of module Ass01: 678
@!@!@ENDMSG 2221 @!@!@
@!@!@STARTMSG 2221:0 @!@!@
  line 452, col 23 to line 452, col 60 of module Ass01: 24
@!@!@ENDMSG 2221 @!@!@
@!@!@STARTMSG 2221:0 @!@!@
  line 453, col 23 to line 453, col 67 of module Ass01: 24
@!@!@ENDMSG 2221 @!@!@
@!@!@STARTMSG 2221:0 @!@!@
  line 454, col 23 to line 456, col 81 of module Ass01: 24
@!@!@ENDMSG 2221 @!@!@
@!@!@STARTMSG 2772:0 @!@!@
<UpdatedPos line 458, col 1 to line 458, col 10 of module Ass01>: 32:67
@!@!@ENDMSG 2772 @!@!@
@!@!@STARTMSG 2221:0 @!@!@
  line 458, col 18 to line 458, col 45 of module Ass01: 740
@!@!@ENDMSG 2221 @!@!@
@!@!@STARTMSG 2221:0 @!@!@
  |line 458, col 18 to line 458, col 30 of module Ass01: 673
@!@!@ENDMSG 2221 @!@!@
@!@!@STARTMSG 2221:0 @!@!@
  line 459, col 21 to line 459, col 39 of module Ass01: 113
@!@!@ENDMSG 2221 @!@!@
@!@!@STARTMSG 2221:0 @!@!@
  line 460, col 26 to line 460, col 55 of module Ass01: 63
@!@!@ENDMSG 2221 @!@!@
@!@!@STARTMSG 2221:0 @!@!@
  line 461, col 29 to line 461, col 47 of module Ass01: 4
@!@!@ENDMSG 2221 @!@!@
@!@!@STARTMSG 2221:0 @!@!@
  line 462, col 29 to line 462, col 57 of module Ass01: 4
@!@!@ENDMSG 2221 @!@!@
@!@!@STARTMSG 2221:0 @!@!@
  line 463, col 18 to line 463, col 62 of module Ass01: 67
@!@!@ENDMSG 2221 @!@!@
@!@!@STARTMSG 2221:0 @!@!@
  line 464, col 18 to line 466, col 72 of module Ass01: 67
@!@!@ENDMSG 2221 @!@!@
@!@!@STARTMSG 2772:0 @!@!@
<Terminating line 473, col 1 to line 473, col 11 of module Ass01>: 0:0
@!@!@ENDMSG 2772 @!@!@
@!@!@STARTMSG 2221:0 @!@!@
  line 473, col 19 to line 473, col 56 of module Ass01: 672
@!@!@ENDMSG 2221 @!@!@
@!@!@STARTMSG 2221:0 @!@!@
  line 474, col 19 to line 474, col 32 of module Ass01: 0
@!@!@ENDMSG 2221 @!@!@
@!@!@STARTMSG 2202:0 @!@!@
End of statistics.
@!@!@ENDMSG 2202 @!@!@
@!@!@STARTMSG 2200:0 @!@!@
Progress(41) at 2022-03-30 10:01:22: 1.808 states generated (46.678 s/min), 786 distinct states found (20.292 ds/min), 114 states left on queue.
@!@!@ENDMSG 2200 @!@!@
@!@!@STARTMSG 2199:0 @!@!@
1808 states generated, 786 distinct states found, 114 states left on queue.
@!@!@ENDMSG 2199 @!@!@
@!@!@STARTMSG 2194:0 @!@!@
The depth of the complete state graph search is 41.
@!@!@ENDMSG 2194 @!@!@
@!@!@STARTMSG 2186:0 @!@!@
Finished in 2344ms at (2022-03-30 10:01:22)
@!@!@ENDMSG 2186 @!@!@
